{"/home/rahunak/Documents/eugene/AI_agents/telegram-veggie-bot/src/app.controller.ts": {"path":"/home/rahunak/Documents/eugene/AI_agents/telegram-veggie-bot/src/app.controller.ts","statementMap":{"0":{"start":{"line":1,"column":0},"end":{"line":1,"column":49}},"1":{"start":{"line":2,"column":0},"end":{"line":2,"column":43}},"2":{"start":{"line":5,"column":7},"end":{"line":12,"column":null}},"3":{"start":{"line":6,"column":31},"end":{"line":6,"column":43}},"4":{"start":{"line":10,"column":4},"end":{"line":10,"column":38}},"5":{"start":{"line":5,"column":13},"end":{"line":5,"column":26}},"6":{"start":{"line":9,"column":2},"end":{"line":11,"column":null}},"7":{"start":{"line":5,"column":13},"end":{"line":12,"column":null}}},"fnMap":{"0":{"name":"(anonymous_2)","decl":{"start":{"line":6,"column":2},"end":{"line":6,"column":31}},"loc":{"start":{"line":6,"column":53},"end":{"line":6,"column":57}}},"1":{"name":"(anonymous_3)","decl":{"start":{"line":9,"column":2},"end":{"line":9,"column":10}},"loc":{"start":{"line":9,"column":10},"end":{"line":11,"column":3}}}},"branchMap":{"0":{"loc":{"start":{"line":6,"column":43},"end":{"line":6,"column":56}},"type":"cond-expr","locations":[{"start":{"line":6,"column":53},"end":{"line":6,"column":56}},{"start":{"line":6,"column":53},"end":{"line":6,"column":56}}]},"1":{"loc":{"start":{"line":6,"column":43},"end":{"line":6,"column":53}},"type":"binary-expr","locations":[{"start":{"line":6,"column":43},"end":{"line":6,"column":56}},{"start":{"line":6,"column":43},"end":{"line":6,"column":53}}]}},"s":{"0":1,"1":1,"2":1,"3":1,"4":1,"5":1,"6":1,"7":1},"f":{"0":1,"1":1},"b":{"0":[1,0],"1":[1,1]}}
,"/home/rahunak/Documents/eugene/AI_agents/telegram-veggie-bot/src/app.module.ts": {"path":"/home/rahunak/Documents/eugene/AI_agents/telegram-veggie-bot/src/app.module.ts","statementMap":{"0":{"start":{"line":1,"column":0},"end":{"line":1,"column":40}},"1":{"start":{"line":2,"column":0},"end":{"line":2,"column":61}},"2":{"start":{"line":3,"column":0},"end":{"line":3,"column":49}},"3":{"start":{"line":4,"column":0},"end":{"line":4,"column":54}},"4":{"start":{"line":5,"column":0},"end":{"line":5,"column":67}},"5":{"start":{"line":6,"column":0},"end":{"line":6,"column":75}},"6":{"start":{"line":7,"column":0},"end":{"line":7,"column":65}},"7":{"start":{"line":8,"column":0},"end":{"line":8,"column":62}},"8":{"start":{"line":9,"column":0},"end":{"line":9,"column":76}},"9":{"start":{"line":41,"column":7},"end":{"line":41,"column":null}},"10":{"start":{"line":41,"column":13},"end":{"line":41,"column":22}},"11":{"start":{"line":41,"column":13},"end":{"line":41,"column":null}},"12":{"start":{"line":18,"column":84},"end":{"line":23,"column":8}},"13":{"start":{"line":28,"column":84},"end":{"line":33,"column":8}}},"fnMap":{"0":{"name":"(anonymous_1)","decl":{"start":{"line":18,"column":18},"end":{"line":18,"column":19}},"loc":{"start":{"line":18,"column":84},"end":{"line":23,"column":8}}},"1":{"name":"(anonymous_2)","decl":{"start":{"line":28,"column":18},"end":{"line":28,"column":19}},"loc":{"start":{"line":28,"column":84},"end":{"line":33,"column":8}}}},"branchMap":{"0":{"loc":{"start":{"line":19,"column":15},"end":{"line":19,"column":59}},"type":"binary-expr","locations":[{"start":{"line":19,"column":15},"end":{"line":19,"column":53}},{"start":{"line":19,"column":57},"end":{"line":19,"column":59}}]},"1":{"loc":{"start":{"line":29,"column":15},"end":{"line":29,"column":58}},"type":"binary-expr","locations":[{"start":{"line":29,"column":15},"end":{"line":29,"column":52}},{"start":{"line":29,"column":56},"end":{"line":29,"column":58}}]}},"s":{"0":0,"1":0,"2":0,"3":0,"4":0,"5":0,"6":0,"7":0,"8":0,"9":0,"10":0,"11":0,"12":0,"13":0},"f":{"0":0,"1":0},"b":{"0":[0,0],"1":[0,0]}}
,"/home/rahunak/Documents/eugene/AI_agents/telegram-veggie-bot/src/app.service.ts": {"path":"/home/rahunak/Documents/eugene/AI_agents/telegram-veggie-bot/src/app.service.ts","statementMap":{"0":{"start":{"line":1,"column":0},"end":{"line":1,"column":44}},"1":{"start":{"line":4,"column":7},"end":{"line":8,"column":null}},"2":{"start":{"line":6,"column":4},"end":{"line":6,"column":26}},"3":{"start":{"line":4,"column":13},"end":{"line":4,"column":23}},"4":{"start":{"line":4,"column":13},"end":{"line":8,"column":null}}},"fnMap":{"0":{"name":"(anonymous_1)","decl":{"start":{"line":5,"column":2},"end":{"line":5,"column":10}},"loc":{"start":{"line":5,"column":10},"end":{"line":7,"column":3}}}},"branchMap":{},"s":{"0":1,"1":1,"2":1,"3":1,"4":1},"f":{"0":1},"b":{}}
,"/home/rahunak/Documents/eugene/AI_agents/telegram-veggie-bot/src/main.ts": {"path":"/home/rahunak/Documents/eugene/AI_agents/telegram-veggie-bot/src/main.ts","statementMap":{"0":{"start":{"line":1,"column":0},"end":{"line":1,"column":43}},"1":{"start":{"line":2,"column":0},"end":{"line":2,"column":41}},"2":{"start":{"line":5,"column":14},"end":{"line":5,"column":49}},"3":{"start":{"line":6,"column":2},"end":{"line":6,"column":45}},"4":{"start":{"line":8,"column":0},"end":{"line":8,"column":12}}},"fnMap":{"0":{"name":"bootstrap","decl":{"start":{"line":4,"column":15},"end":{"line":4,"column":24}},"loc":{"start":{"line":4,"column":24},"end":{"line":7,"column":1}}}},"branchMap":{"0":{"loc":{"start":{"line":6,"column":19},"end":{"line":6,"column":43}},"type":"binary-expr","locations":[{"start":{"line":6,"column":19},"end":{"line":6,"column":35}},{"start":{"line":6,"column":39},"end":{"line":6,"column":43}}]}},"s":{"0":0,"1":0,"2":0,"3":0,"4":0},"f":{"0":0},"b":{"0":[0,0]}}
,"/home/rahunak/Documents/eugene/AI_agents/telegram-veggie-bot/src/admin-bot/admin-bot.module.ts": {"path":"/home/rahunak/Documents/eugene/AI_agents/telegram-veggie-bot/src/admin-bot/admin-bot.module.ts","statementMap":{"0":{"start":{"line":1,"column":0},"end":{"line":1,"column":52}},"1":{"start":{"line":2,"column":0},"end":{"line":2,"column":52}},"2":{"start":{"line":3,"column":0},"end":{"line":3,"column":54}},"3":{"start":{"line":4,"column":0},"end":{"line":4,"column":66}},"4":{"start":{"line":11,"column":7},"end":{"line":11,"column":null}},"5":{"start":{"line":11,"column":13},"end":{"line":11,"column":27}},"6":{"start":{"line":11,"column":13},"end":{"line":11,"column":null}},"7":{"start":{"line":7,"column":29},"end":{"line":7,"column":44}}},"fnMap":{"0":{"name":"(anonymous_1)","decl":{"start":{"line":7,"column":23},"end":{"line":7,"column":26}},"loc":{"start":{"line":7,"column":29},"end":{"line":7,"column":44}}}},"branchMap":{},"s":{"0":0,"1":0,"2":0,"3":0,"4":0,"5":0,"6":0,"7":0},"f":{"0":0},"b":{}}
,"/home/rahunak/Documents/eugene/AI_agents/telegram-veggie-bot/src/admin-bot/admin-bot.service.ts": {"path":"/home/rahunak/Documents/eugene/AI_agents/telegram-veggie-bot/src/admin-bot/admin-bot.service.ts","statementMap":{"0":{"start":{"line":1,"column":0},"end":{"line":1,"column":44}},"1":{"start":{"line":2,"column":0},"end":{"line":2,"column":44}},"2":{"start":{"line":3,"column":0},"end":{"line":3,"column":44}},"3":{"start":{"line":5,"column":0},"end":{"line":5,"column":57}},"4":{"start":{"line":8,"column":7},"end":{"line":65,"column":null}},"5":{"start":{"line":11,"column":21},"end":{"line":11,"column":26}},"6":{"start":{"line":12,"column":21},"end":{"line":12,"column":29}},"7":{"start":{"line":16,"column":18},"end":{"line":26,"column":6}},"8":{"start":{"line":28,"column":4},"end":{"line":28,"column":23}},"9":{"start":{"line":28,"column":16},"end":{"line":28,"column":23}},"10":{"start":{"line":30,"column":19},"end":{"line":32,"column":6}},"11":{"start":{"line":34,"column":20},"end":{"line":34,"column":65}},"12":{"start":{"line":35,"column":4},"end":{"line":35,"column":70}},"13":{"start":{"line":36,"column":4},"end":{"line":36,"column":68}},"14":{"start":{"line":37,"column":4},"end":{"line":37,"column":50}},"15":{"start":{"line":38,"column":4},"end":{"line":38,"column":32}},"16":{"start":{"line":40,"column":4},"end":{"line":42,"column":5}},"17":{"start":{"line":41,"column":6},"end":{"line":41,"column":108}},"18":{"start":{"line":44,"column":4},"end":{"line":44,"column":56}},"19":{"start":{"line":46,"column":20},"end":{"line":51,"column":6}},"20":{"start":{"line":53,"column":4},"end":{"line":59,"column":5}},"21":{"start":{"line":54,"column":6},"end":{"line":58,"column":7}},"22":{"start":{"line":55,"column":8},"end":{"line":55,"column":82}},"23":{"start":{"line":57,"column":8},"end":{"line":57,"column":76}},"24":{"start":{"line":63,"column":4},"end":{"line":63,"column":61}},"25":{"start":{"line":8,"column":13},"end":{"line":8,"column":28}},"26":{"start":{"line":8,"column":13},"end":{"line":65,"column":null}}},"fnMap":{"0":{"name":"(anonymous_4)","decl":{"start":{"line":9,"column":2},"end":{"line":9,"column":null}},"loc":{"start":{"line":12,"column":42},"end":{"line":13,"column":6}}},"1":{"name":"(anonymous_5)","decl":{"start":{"line":15,"column":2},"end":{"line":15,"column":7}},"loc":{"start":{"line":15,"column":38},"end":{"line":60,"column":3}}},"2":{"name":"(anonymous_6)","decl":{"start":{"line":62,"column":2},"end":{"line":62,"column":7}},"loc":{"start":{"line":62,"column":64},"end":{"line":64,"column":3}}}},"branchMap":{"0":{"loc":{"start":{"line":28,"column":4},"end":{"line":28,"column":23}},"type":"if","locations":[{"start":{"line":28,"column":4},"end":{"line":28,"column":23}},{"start":{},"end":{}}]},"1":{"loc":{"start":{"line":35,"column":31},"end":{"line":35,"column":65}},"type":"binary-expr","locations":[{"start":{"line":35,"column":31},"end":{"line":35,"column":50}},{"start":{"line":35,"column":54},"end":{"line":35,"column":65}}]},"2":{"loc":{"start":{"line":36,"column":32},"end":{"line":36,"column":63}},"type":"binary-expr","locations":[{"start":{"line":36,"column":32},"end":{"line":36,"column":48}},{"start":{"line":36,"column":52},"end":{"line":36,"column":63}}]},"3":{"loc":{"start":{"line":11,"column":26},"end":{"line":11,"column":46}},"type":"cond-expr","locations":[{"start":{"line":11,"column":34},"end":{"line":11,"column":46}},{"start":{"line":11,"column":34},"end":{"line":11,"column":46}}]},"4":{"loc":{"start":{"line":11,"column":26},"end":{"line":11,"column":34}},"type":"binary-expr","locations":[{"start":{"line":11,"column":26},"end":{"line":11,"column":46}},{"start":{"line":11,"column":26},"end":{"line":11,"column":34}}]},"5":{"loc":{"start":{"line":11,"column":34},"end":{"line":12,"column":null}},"type":"cond-expr","locations":[{"start":{"line":12,"column":42},"end":{"line":12,"column":null}},{"start":{"line":12,"column":42},"end":{"line":12,"column":null}}]},"6":{"loc":{"start":{"line":11,"column":34},"end":{"line":12,"column":42}},"type":"binary-expr","locations":[{"start":{"line":11,"column":34},"end":{"line":12,"column":null}},{"start":{"line":12,"column":29},"end":{"line":12,"column":42}}]}},"s":{"0":3,"1":3,"2":3,"3":3,"4":3,"5":6,"6":6,"7":6,"8":6,"9":1,"10":5,"11":5,"12":5,"13":5,"14":5,"15":5,"16":5,"17":3,"18":5,"19":5,"20":5,"21":5,"22":5,"23":1,"24":0,"25":3,"26":3},"f":{"0":6,"1":6,"2":0},"b":{"0":[1,5],"1":[5,0],"2":[5,3],"3":[3,0],"4":[3,3],"5":[3,0],"6":[3,3]}}
,"/home/rahunak/Documents/eugene/AI_agents/telegram-veggie-bot/src/admin-bot/admin-bot.update.ts": {"path":"/home/rahunak/Documents/eugene/AI_agents/telegram-veggie-bot/src/admin-bot/admin-bot.update.ts","statementMap":{"0":{"start":{"line":1,"column":0},"end":{"line":1,"column":85}},"1":{"start":{"line":2,"column":0},"end":{"line":2,"column":44}},"2":{"start":{"line":3,"column":0},"end":{"line":3,"column":57}},"3":{"start":{"line":5,"column":0},"end":{"line":5,"column":54}},"4":{"start":{"line":6,"column":0},"end":{"line":6,"column":68}},"5":{"start":{"line":7,"column":0},"end":{"line":7,"column":75}},"6":{"start":{"line":11,"column":7},"end":{"line":26,"column":null}},"7":{"start":{"line":12,"column":31},"end":{"line":12,"column":39}},"8":{"start":{"line":15,"column":16},"end":{"line":15,"column":54}},"9":{"start":{"line":16,"column":23},"end":{"line":16,"column":46}},"10":{"start":{"line":18,"column":4},"end":{"line":18,"column":34}},"11":{"start":{"line":18,"column":21},"end":{"line":18,"column":34}},"12":{"start":{"line":20,"column":17},"end":{"line":22,"column":6}},"13":{"start":{"line":24,"column":4},"end":{"line":24,"column":34}},"14":{"start":{"line":11,"column":13},"end":{"line":11,"column":23}},"15":{"start":{"line":11,"column":13},"end":{"line":26,"column":null}},"16":{"start":{"line":29,"column":7},"end":{"line":707,"column":null}},"17":{"start":{"line":32,"column":21},"end":{"line":32,"column":26}},"18":{"start":{"line":33,"column":21},"end":{"line":33,"column":29}},"19":{"start":{"line":34,"column":21},"end":{"line":34,"column":38}},"20":{"start":{"line":35,"column":21},"end":{"line":35,"column":39}},"21":{"start":{"line":40,"column":23},"end":{"line":40,"column":46}},"22":{"start":{"line":41,"column":4},"end":{"line":41,"column":28}},"23":{"start":{"line":41,"column":21},"end":{"line":41,"column":28}},"24":{"start":{"line":43,"column":15},"end":{"line":45,"column":6}},"25":{"start":{"line":48,"column":4},"end":{"line":56,"column":5}},"26":{"start":{"line":49,"column":6},"end":{"line":55,"column":9}},"27":{"start":{"line":58,"column":4},"end":{"line":61,"column":5}},"28":{"start":{"line":59,"column":6},"end":{"line":59,"column":61}},"29":{"start":{"line":60,"column":6},"end":{"line":60,"column":13}},"30":{"start":{"line":63,"column":4},"end":{"line":70,"column":6}},"31":{"start":{"line":75,"column":23},"end":{"line":75,"column":46}},"32":{"start":{"line":76,"column":4},"end":{"line":76,"column":28}},"33":{"start":{"line":76,"column":21},"end":{"line":76,"column":28}},"34":{"start":{"line":78,"column":17},"end":{"line":80,"column":6}},"35":{"start":{"line":82,"column":4},"end":{"line":85,"column":5}},"36":{"start":{"line":83,"column":6},"end":{"line":83,"column":61}},"37":{"start":{"line":84,"column":6},"end":{"line":84,"column":13}},"38":{"start":{"line":87,"column":21},"end":{"line":89,"column":6}},"39":{"start":{"line":91,"column":4},"end":{"line":94,"column":5}},"40":{"start":{"line":92,"column":6},"end":{"line":92,"column":45}},"41":{"start":{"line":93,"column":6},"end":{"line":93,"column":13}},"42":{"start":{"line":96,"column":20},"end":{"line":96,"column":46}},"43":{"start":{"line":98,"column":4},"end":{"line":103,"column":5}},"44":{"start":{"line":99,"column":21},"end":{"line":99,"column":49}},"45":{"start":{"line":100,"column":6},"end":{"line":100,"column":49}},"46":{"start":{"line":101,"column":6},"end":{"line":101,"column":53}},"47":{"start":{"line":102,"column":6},"end":{"line":102,"column":58}},"48":{"start":{"line":105,"column":4},"end":{"line":105,"column":31}},"49":{"start":{"line":110,"column":23},"end":{"line":110,"column":46}},"50":{"start":{"line":111,"column":4},"end":{"line":111,"column":28}},"51":{"start":{"line":111,"column":21},"end":{"line":111,"column":28}},"52":{"start":{"line":113,"column":17},"end":{"line":115,"column":6}},"53":{"start":{"line":117,"column":4},"end":{"line":120,"column":5}},"54":{"start":{"line":118,"column":6},"end":{"line":118,"column":61}},"55":{"start":{"line":119,"column":6},"end":{"line":119,"column":13}},"56":{"start":{"line":122,"column":18},"end":{"line":122,"column":55}},"57":{"start":{"line":125,"column":4},"end":{"line":128,"column":5}},"58":{"start":{"line":126,"column":6},"end":{"line":126,"column":45}},"59":{"start":{"line":127,"column":6},"end":{"line":127,"column":13}},"60":{"start":{"line":131,"column":4},"end":{"line":134,"column":5}},"61":{"start":{"line":132,"column":6},"end":{"line":132,"column":46}},"62":{"start":{"line":133,"column":6},"end":{"line":133,"column":13}},"63":{"start":{"line":136,"column":4},"end":{"line":146,"column":5}},"64":{"start":{"line":137,"column":6},"end":{"line":137,"column":36}},"65":{"start":{"line":138,"column":11},"end":{"line":146,"column":5}},"66":{"start":{"line":139,"column":6},"end":{"line":139,"column":41}},"67":{"start":{"line":140,"column":11},"end":{"line":146,"column":5}},"68":{"start":{"line":141,"column":6},"end":{"line":141,"column":42}},"69":{"start":{"line":142,"column":11},"end":{"line":146,"column":5}},"70":{"start":{"line":143,"column":6},"end":{"line":143,"column":41}},"71":{"start":{"line":144,"column":11},"end":{"line":146,"column":5}},"72":{"start":{"line":145,"column":6},"end":{"line":145,"column":42}},"73":{"start":{"line":150,"column":22},"end":{"line":150,"column":48}},"74":{"start":{"line":151,"column":18},"end":{"line":151,"column":42}},"75":{"start":{"line":153,"column":4},"end":{"line":153,"column":37}},"76":{"start":{"line":153,"column":30},"end":{"line":153,"column":37}},"77":{"start":{"line":155,"column":20},"end":{"line":157,"column":6}},"78":{"start":{"line":159,"column":4},"end":{"line":164,"column":5}},"79":{"start":{"line":160,"column":6},"end":{"line":160,"column":44}},"80":{"start":{"line":161,"column":6},"end":{"line":161,"column":40}},"81":{"start":{"line":162,"column":6},"end":{"line":162,"column":38}},"82":{"start":{"line":163,"column":6},"end":{"line":163,"column":13}},"83":{"start":{"line":166,"column":4},"end":{"line":192,"column":5}},"84":{"start":{"line":167,"column":20},"end":{"line":167,"column":37}},"85":{"start":{"line":168,"column":6},"end":{"line":171,"column":7}},"86":{"start":{"line":169,"column":8},"end":{"line":169,"column":83}},"87":{"start":{"line":170,"column":8},"end":{"line":170,"column":15}},"88":{"start":{"line":173,"column":6},"end":{"line":176,"column":9}},"89":{"start":{"line":178,"column":6},"end":{"line":178,"column":81}},"90":{"start":{"line":179,"column":11},"end":{"line":192,"column":5}},"91":{"start":{"line":180,"column":20},"end":{"line":180,"column":39}},"92":{"start":{"line":181,"column":6},"end":{"line":184,"column":7}},"93":{"start":{"line":182,"column":8},"end":{"line":182,"column":94}},"94":{"start":{"line":183,"column":8},"end":{"line":183,"column":15}},"95":{"start":{"line":186,"column":6},"end":{"line":189,"column":9}},"96":{"start":{"line":191,"column":6},"end":{"line":191,"column":83}},"97":{"start":{"line":194,"column":4},"end":{"line":194,"column":38}},"98":{"start":{"line":195,"column":4},"end":{"line":195,"column":36}},"99":{"start":{"line":199,"column":4},"end":{"line":201,"column":6}},"100":{"start":{"line":203,"column":4},"end":{"line":207,"column":6}},"101":{"start":{"line":211,"column":4},"end":{"line":222,"column":5}},"102":{"start":{"line":212,"column":6},"end":{"line":212,"column":39}},"103":{"start":{"line":213,"column":6},"end":{"line":220,"column":8}},"104":{"start":{"line":221,"column":6},"end":{"line":221,"column":13}},"105":{"start":{"line":224,"column":26},"end":{"line":224,"column":51}},"106":{"start":{"line":225,"column":4},"end":{"line":225,"column":31}},"107":{"start":{"line":225,"column":24},"end":{"line":225,"column":31}},"108":{"start":{"line":227,"column":4},"end":{"line":281,"column":5}},"109":{"start":{"line":228,"column":6},"end":{"line":231,"column":7}},"110":{"start":{"line":229,"column":8},"end":{"line":229,"column":83}},"111":{"start":{"line":230,"column":8},"end":{"line":230,"column":15}},"112":{"start":{"line":233,"column":6},"end":{"line":233,"column":40}},"113":{"start":{"line":234,"column":6},"end":{"line":234,"column":35}},"114":{"start":{"line":236,"column":6},"end":{"line":236,"column":78}},"115":{"start":{"line":237,"column":11},"end":{"line":281,"column":5}},"116":{"start":{"line":238,"column":20},"end":{"line":238,"column":37}},"117":{"start":{"line":239,"column":6},"end":{"line":242,"column":7}},"118":{"start":{"line":240,"column":8},"end":{"line":240,"column":92}},"119":{"start":{"line":241,"column":8},"end":{"line":241,"column":15}},"120":{"start":{"line":244,"column":6},"end":{"line":244,"column":34}},"121":{"start":{"line":245,"column":6},"end":{"line":245,"column":35}},"122":{"start":{"line":247,"column":6},"end":{"line":247,"column":87}},"123":{"start":{"line":248,"column":11},"end":{"line":281,"column":5}},"124":{"start":{"line":249,"column":20},"end":{"line":249,"column":39}},"125":{"start":{"line":250,"column":6},"end":{"line":253,"column":7}},"126":{"start":{"line":251,"column":8},"end":{"line":251,"column":99}},"127":{"start":{"line":252,"column":8},"end":{"line":252,"column":15}},"128":{"start":{"line":255,"column":6},"end":{"line":255,"column":34}},"129":{"start":{"line":258,"column":22},"end":{"line":265,"column":8}},"130":{"start":{"line":267,"column":6},"end":{"line":267,"column":39}},"131":{"start":{"line":269,"column":6},"end":{"line":280,"column":8}},"132":{"start":{"line":285,"column":21},"end":{"line":287,"column":6}},"133":{"start":{"line":289,"column":4},"end":{"line":292,"column":5}},"134":{"start":{"line":290,"column":6},"end":{"line":290,"column":45}},"135":{"start":{"line":291,"column":6},"end":{"line":291,"column":13}},"136":{"start":{"line":294,"column":20},"end":{"line":294,"column":46}},"137":{"start":{"line":296,"column":4},"end":{"line":301,"column":5}},"138":{"start":{"line":297,"column":21},"end":{"line":297,"column":49}},"139":{"start":{"line":298,"column":6},"end":{"line":298,"column":49}},"140":{"start":{"line":299,"column":6},"end":{"line":299,"column":53}},"141":{"start":{"line":300,"column":6},"end":{"line":300,"column":58}},"142":{"start":{"line":303,"column":4},"end":{"line":303,"column":31}},"143":{"start":{"line":307,"column":19},"end":{"line":319,"column":6}},"144":{"start":{"line":321,"column":4},"end":{"line":324,"column":5}},"145":{"start":{"line":322,"column":6},"end":{"line":322,"column":47}},"146":{"start":{"line":323,"column":6},"end":{"line":323,"column":13}},"147":{"start":{"line":326,"column":4},"end":{"line":344,"column":5}},"148":{"start":{"line":327,"column":22},"end":{"line":327,"column":58}},"149":{"start":{"line":328,"column":6},"end":{"line":328,"column":72}},"150":{"start":{"line":329,"column":6},"end":{"line":329,"column":70}},"151":{"start":{"line":330,"column":6},"end":{"line":330,"column":52}},"152":{"start":{"line":331,"column":6},"end":{"line":331,"column":34}},"153":{"start":{"line":333,"column":6},"end":{"line":335,"column":7}},"154":{"start":{"line":334,"column":8},"end":{"line":334,"column":66}},"155":{"start":{"line":337,"column":6},"end":{"line":337,"column":58}},"156":{"start":{"line":339,"column":22},"end":{"line":341,"column":8}},"157":{"start":{"line":343,"column":6},"end":{"line":343,"column":42}},"158":{"start":{"line":348,"column":19},"end":{"line":360,"column":6}},"159":{"start":{"line":362,"column":4},"end":{"line":365,"column":5}},"160":{"start":{"line":363,"column":6},"end":{"line":363,"column":50}},"161":{"start":{"line":364,"column":6},"end":{"line":364,"column":13}},"162":{"start":{"line":367,"column":4},"end":{"line":381,"column":5}},"163":{"start":{"line":368,"column":22},"end":{"line":368,"column":58}},"164":{"start":{"line":369,"column":6},"end":{"line":369,"column":72}},"165":{"start":{"line":370,"column":6},"end":{"line":370,"column":70}},"166":{"start":{"line":371,"column":6},"end":{"line":371,"column":52}},"167":{"start":{"line":372,"column":6},"end":{"line":372,"column":34}},"168":{"start":{"line":374,"column":6},"end":{"line":376,"column":7}},"169":{"start":{"line":375,"column":8},"end":{"line":375,"column":66}},"170":{"start":{"line":378,"column":6},"end":{"line":378,"column":58}},"171":{"start":{"line":380,"column":6},"end":{"line":380,"column":33}},"172":{"start":{"line":385,"column":21},"end":{"line":387,"column":6}},"173":{"start":{"line":389,"column":4},"end":{"line":392,"column":5}},"174":{"start":{"line":390,"column":6},"end":{"line":390,"column":45}},"175":{"start":{"line":391,"column":6},"end":{"line":391,"column":13}},"176":{"start":{"line":394,"column":4},"end":{"line":394,"column":58}},"177":{"start":{"line":396,"column":4},"end":{"line":416,"column":5}},"178":{"start":{"line":397,"column":21},"end":{"line":397,"column":49}},"179":{"start":{"line":398,"column":24},"end":{"line":398,"column":53}},"180":{"start":{"line":399,"column":6},"end":{"line":399,"column":55}},"181":{"start":{"line":400,"column":6},"end":{"line":400,"column":56}},"182":{"start":{"line":402,"column":22},"end":{"line":413,"column":8}},"183":{"start":{"line":415,"column":6},"end":{"line":415,"column":44}},"184":{"start":{"line":420,"column":19},"end":{"line":435,"column":6}},"185":{"start":{"line":437,"column":4},"end":{"line":440,"column":5}},"186":{"start":{"line":438,"column":6},"end":{"line":438,"column":47}},"187":{"start":{"line":439,"column":6},"end":{"line":439,"column":13}},"188":{"start":{"line":442,"column":4},"end":{"line":471,"column":5}},"189":{"start":{"line":443,"column":22},"end":{"line":443,"column":59}},"190":{"start":{"line":444,"column":6},"end":{"line":444,"column":47}},"191":{"start":{"line":445,"column":6},"end":{"line":445,"column":72}},"192":{"start":{"line":446,"column":6},"end":{"line":446,"column":70}},"193":{"start":{"line":447,"column":6},"end":{"line":447,"column":52}},"194":{"start":{"line":448,"column":6},"end":{"line":448,"column":34}},"195":{"start":{"line":450,"column":6},"end":{"line":452,"column":7}},"196":{"start":{"line":451,"column":8},"end":{"line":451,"column":66}},"197":{"start":{"line":454,"column":6},"end":{"line":454,"column":58}},"198":{"start":{"line":456,"column":22},"end":{"line":456,"column":24}},"199":{"start":{"line":458,"column":6},"end":{"line":468,"column":7}},"200":{"start":{"line":459,"column":8},"end":{"line":462,"column":11}},"201":{"start":{"line":463,"column":13},"end":{"line":468,"column":7}},"202":{"start":{"line":464,"column":8},"end":{"line":467,"column":11}},"203":{"start":{"line":470,"column":6},"end":{"line":470,"column":65}},"204":{"start":{"line":475,"column":21},"end":{"line":477,"column":6}},"205":{"start":{"line":479,"column":4},"end":{"line":482,"column":5}},"206":{"start":{"line":480,"column":6},"end":{"line":480,"column":45}},"207":{"start":{"line":481,"column":6},"end":{"line":481,"column":13}},"208":{"start":{"line":484,"column":4},"end":{"line":505,"column":5}},"209":{"start":{"line":485,"column":21},"end":{"line":485,"column":67}},"210":{"start":{"line":486,"column":24},"end":{"line":486,"column":43}},"211":{"start":{"line":487,"column":6},"end":{"line":487,"column":55}},"212":{"start":{"line":488,"column":6},"end":{"line":488,"column":58}},"213":{"start":{"line":489,"column":6},"end":{"line":489,"column":41}},"214":{"start":{"line":491,"column":22},"end":{"line":502,"column":8}},"215":{"start":{"line":504,"column":6},"end":{"line":504,"column":44}},"216":{"start":{"line":510,"column":26},"end":{"line":510,"column":43}},"217":{"start":{"line":511,"column":4},"end":{"line":511,"column":61}},"218":{"start":{"line":511,"column":54},"end":{"line":511,"column":61}},"219":{"start":{"line":513,"column":23},"end":{"line":513,"column":46}},"220":{"start":{"line":514,"column":4},"end":{"line":514,"column":28}},"221":{"start":{"line":514,"column":21},"end":{"line":514,"column":28}},"222":{"start":{"line":516,"column":17},"end":{"line":518,"column":6}},"223":{"start":{"line":520,"column":4},"end":{"line":523,"column":5}},"224":{"start":{"line":521,"column":6},"end":{"line":521,"column":47}},"225":{"start":{"line":522,"column":6},"end":{"line":522,"column":13}},"226":{"start":{"line":525,"column":20},"end":{"line":525,"column":61}},"227":{"start":{"line":526,"column":4},"end":{"line":526,"column":59}},"228":{"start":{"line":531,"column":26},"end":{"line":531,"column":43}},"229":{"start":{"line":532,"column":4},"end":{"line":532,"column":61}},"230":{"start":{"line":532,"column":54},"end":{"line":532,"column":61}},"231":{"start":{"line":534,"column":23},"end":{"line":534,"column":46}},"232":{"start":{"line":535,"column":4},"end":{"line":535,"column":28}},"233":{"start":{"line":535,"column":21},"end":{"line":535,"column":28}},"234":{"start":{"line":537,"column":17},"end":{"line":539,"column":6}},"235":{"start":{"line":541,"column":4},"end":{"line":544,"column":5}},"236":{"start":{"line":542,"column":6},"end":{"line":542,"column":47}},"237":{"start":{"line":543,"column":6},"end":{"line":543,"column":13}},"238":{"start":{"line":546,"column":20},"end":{"line":546,"column":61}},"239":{"start":{"line":547,"column":4},"end":{"line":547,"column":60}},"240":{"start":{"line":552,"column":26},"end":{"line":552,"column":43}},"241":{"start":{"line":553,"column":4},"end":{"line":553,"column":61}},"242":{"start":{"line":553,"column":54},"end":{"line":553,"column":61}},"243":{"start":{"line":555,"column":23},"end":{"line":555,"column":46}},"244":{"start":{"line":556,"column":4},"end":{"line":556,"column":28}},"245":{"start":{"line":556,"column":21},"end":{"line":556,"column":28}},"246":{"start":{"line":558,"column":17},"end":{"line":560,"column":6}},"247":{"start":{"line":562,"column":4},"end":{"line":565,"column":5}},"248":{"start":{"line":563,"column":6},"end":{"line":563,"column":47}},"249":{"start":{"line":564,"column":6},"end":{"line":564,"column":13}},"250":{"start":{"line":567,"column":20},"end":{"line":567,"column":63}},"251":{"start":{"line":568,"column":4},"end":{"line":568,"column":60}},"252":{"start":{"line":573,"column":26},"end":{"line":573,"column":43}},"253":{"start":{"line":574,"column":4},"end":{"line":574,"column":61}},"254":{"start":{"line":574,"column":54},"end":{"line":574,"column":61}},"255":{"start":{"line":576,"column":23},"end":{"line":576,"column":46}},"256":{"start":{"line":577,"column":4},"end":{"line":577,"column":28}},"257":{"start":{"line":577,"column":21},"end":{"line":577,"column":28}},"258":{"start":{"line":579,"column":17},"end":{"line":581,"column":6}},"259":{"start":{"line":583,"column":4},"end":{"line":586,"column":5}},"260":{"start":{"line":584,"column":6},"end":{"line":584,"column":47}},"261":{"start":{"line":585,"column":6},"end":{"line":585,"column":13}},"262":{"start":{"line":588,"column":22},"end":{"line":588,"column":63}},"263":{"start":{"line":589,"column":4},"end":{"line":589,"column":51}},"264":{"start":{"line":594,"column":4},"end":{"line":594,"column":52}},"265":{"start":{"line":599,"column":4},"end":{"line":599,"column":52}},"266":{"start":{"line":604,"column":26},"end":{"line":604,"column":43}},"267":{"start":{"line":605,"column":4},"end":{"line":605,"column":61}},"268":{"start":{"line":605,"column":54},"end":{"line":605,"column":61}},"269":{"start":{"line":607,"column":23},"end":{"line":607,"column":46}},"270":{"start":{"line":608,"column":4},"end":{"line":608,"column":28}},"271":{"start":{"line":608,"column":21},"end":{"line":608,"column":28}},"272":{"start":{"line":610,"column":17},"end":{"line":612,"column":6}},"273":{"start":{"line":614,"column":4},"end":{"line":617,"column":5}},"274":{"start":{"line":615,"column":6},"end":{"line":615,"column":47}},"275":{"start":{"line":616,"column":6},"end":{"line":616,"column":13}},"276":{"start":{"line":619,"column":22},"end":{"line":619,"column":67}},"277":{"start":{"line":621,"column":4},"end":{"line":621,"column":43}},"278":{"start":{"line":622,"column":4},"end":{"line":622,"column":39}},"279":{"start":{"line":624,"column":4},"end":{"line":624,"column":30}},"280":{"start":{"line":625,"column":4},"end":{"line":625,"column":63}},"281":{"start":{"line":630,"column":26},"end":{"line":630,"column":43}},"282":{"start":{"line":631,"column":4},"end":{"line":631,"column":61}},"283":{"start":{"line":631,"column":54},"end":{"line":631,"column":61}},"284":{"start":{"line":633,"column":23},"end":{"line":633,"column":46}},"285":{"start":{"line":634,"column":4},"end":{"line":634,"column":28}},"286":{"start":{"line":634,"column":21},"end":{"line":634,"column":28}},"287":{"start":{"line":636,"column":17},"end":{"line":638,"column":6}},"288":{"start":{"line":640,"column":4},"end":{"line":643,"column":5}},"289":{"start":{"line":641,"column":6},"end":{"line":641,"column":47}},"290":{"start":{"line":642,"column":6},"end":{"line":642,"column":13}},"291":{"start":{"line":645,"column":22},"end":{"line":645,"column":67}},"292":{"start":{"line":647,"column":4},"end":{"line":647,"column":43}},"293":{"start":{"line":648,"column":4},"end":{"line":648,"column":39}},"294":{"start":{"line":650,"column":4},"end":{"line":650,"column":30}},"295":{"start":{"line":651,"column":4},"end":{"line":651,"column":68}},"296":{"start":{"line":659,"column":18},"end":{"line":662,"column":6}},"297":{"start":{"line":664,"column":4},"end":{"line":667,"column":5}},"298":{"start":{"line":665,"column":6},"end":{"line":665,"column":49}},"299":{"start":{"line":666,"column":6},"end":{"line":666,"column":13}},"300":{"start":{"line":669,"column":4},"end":{"line":672,"column":7}},"301":{"start":{"line":674,"column":23},"end":{"line":678,"column":16}},"302":{"start":{"line":680,"column":4},"end":{"line":680,"column":40}},"303":{"start":{"line":681,"column":4},"end":{"line":681,"column":62}},"304":{"start":{"line":683,"column":4},"end":{"line":687,"column":6}},"305":{"start":{"line":691,"column":20},"end":{"line":693,"column":6}},"306":{"start":{"line":695,"column":4},"end":{"line":698,"column":5}},"307":{"start":{"line":696,"column":6},"end":{"line":696,"column":49}},"308":{"start":{"line":697,"column":6},"end":{"line":697,"column":13}},"309":{"start":{"line":700,"column":4},"end":{"line":703,"column":7}},"310":{"start":{"line":705,"column":4},"end":{"line":705,"column":96}},"311":{"start":{"line":29,"column":13},"end":{"line":29,"column":27}},"312":{"start":{"line":39,"column":8},"end":{"line":71,"column":null}},"313":{"start":{"line":74,"column":8},"end":{"line":106,"column":null}},"314":{"start":{"line":109,"column":8},"end":{"line":147,"column":null}},"315":{"start":{"line":509,"column":8},"end":{"line":527,"column":null}},"316":{"start":{"line":530,"column":8},"end":{"line":548,"column":null}},"317":{"start":{"line":551,"column":8},"end":{"line":569,"column":null}},"318":{"start":{"line":572,"column":8},"end":{"line":590,"column":null}},"319":{"start":{"line":593,"column":8},"end":{"line":595,"column":null}},"320":{"start":{"line":598,"column":8},"end":{"line":600,"column":null}},"321":{"start":{"line":603,"column":8},"end":{"line":626,"column":null}},"322":{"start":{"line":629,"column":8},"end":{"line":652,"column":null}},"323":{"start":{"line":29,"column":13},"end":{"line":707,"column":null}}},"fnMap":{"0":{"name":"(anonymous_4)","decl":{"start":{"line":12,"column":2},"end":{"line":12,"column":31}},"loc":{"start":{"line":12,"column":52},"end":{"line":12,"column":56}}},"1":{"name":"(anonymous_5)","decl":{"start":{"line":14,"column":2},"end":{"line":14,"column":7}},"loc":{"start":{"line":14,"column":45},"end":{"line":25,"column":3}}},"2":{"name":"(anonymous_6)","decl":{"start":{"line":30,"column":2},"end":{"line":30,"column":null}},"loc":{"start":{"line":35,"column":55},"end":{"line":36,"column":6}}},"3":{"name":"(anonymous_7)","decl":{"start":{"line":39,"column":8},"end":{"line":39,"column":15}},"loc":{"start":{"line":39,"column":31},"end":{"line":71,"column":3}}},"4":{"name":"(anonymous_8)","decl":{"start":{"line":74,"column":8},"end":{"line":74,"column":22}},"loc":{"start":{"line":74,"column":38},"end":{"line":106,"column":3}}},"5":{"name":"(anonymous_9)","decl":{"start":{"line":109,"column":8},"end":{"line":109,"column":14}},"loc":{"start":{"line":109,"column":30},"end":{"line":147,"column":3}}},"6":{"name":"(anonymous_10)","decl":{"start":{"line":149,"column":10},"end":{"line":149,"column":15}},"loc":{"start":{"line":149,"column":64},"end":{"line":196,"column":3}}},"7":{"name":"(anonymous_11)","decl":{"start":{"line":198,"column":10},"end":{"line":198,"column":15}},"loc":{"start":{"line":198,"column":50},"end":{"line":208,"column":3}}},"8":{"name":"(anonymous_12)","decl":{"start":{"line":210,"column":10},"end":{"line":210,"column":15}},"loc":{"start":{"line":210,"column":63},"end":{"line":282,"column":3}}},"9":{"name":"(anonymous_13)","decl":{"start":{"line":284,"column":10},"end":{"line":284,"column":15}},"loc":{"start":{"line":284,"column":45},"end":{"line":304,"column":3}}},"10":{"name":"(anonymous_14)","decl":{"start":{"line":306,"column":10},"end":{"line":306,"column":15}},"loc":{"start":{"line":306,"column":50},"end":{"line":345,"column":3}}},"11":{"name":"(anonymous_15)","decl":{"start":{"line":347,"column":10},"end":{"line":347,"column":15}},"loc":{"start":{"line":347,"column":51},"end":{"line":382,"column":3}}},"12":{"name":"(anonymous_16)","decl":{"start":{"line":384,"column":10},"end":{"line":384,"column":15}},"loc":{"start":{"line":384,"column":51},"end":{"line":417,"column":3}}},"13":{"name":"(anonymous_17)","decl":{"start":{"line":419,"column":10},"end":{"line":419,"column":15}},"loc":{"start":{"line":419,"column":48},"end":{"line":472,"column":3}}},"14":{"name":"(anonymous_18)","decl":{"start":{"line":474,"column":10},"end":{"line":474,"column":15}},"loc":{"start":{"line":474,"column":44},"end":{"line":506,"column":3}}},"15":{"name":"(anonymous_19)","decl":{"start":{"line":509,"column":8},"end":{"line":509,"column":21}},"loc":{"start":{"line":509,"column":37},"end":{"line":527,"column":3}}},"16":{"name":"(anonymous_20)","decl":{"start":{"line":530,"column":8},"end":{"line":530,"column":21}},"loc":{"start":{"line":530,"column":37},"end":{"line":548,"column":3}}},"17":{"name":"(anonymous_21)","decl":{"start":{"line":551,"column":8},"end":{"line":551,"column":23}},"loc":{"start":{"line":551,"column":39},"end":{"line":569,"column":3}}},"18":{"name":"(anonymous_22)","decl":{"start":{"line":572,"column":8},"end":{"line":572,"column":23}},"loc":{"start":{"line":572,"column":39},"end":{"line":590,"column":3}}},"19":{"name":"(anonymous_23)","decl":{"start":{"line":593,"column":8},"end":{"line":593,"column":18}},"loc":{"start":{"line":593,"column":34},"end":{"line":595,"column":3}}},"20":{"name":"(anonymous_24)","decl":{"start":{"line":598,"column":8},"end":{"line":598,"column":21}},"loc":{"start":{"line":598,"column":37},"end":{"line":600,"column":3}}},"21":{"name":"(anonymous_25)","decl":{"start":{"line":603,"column":8},"end":{"line":603,"column":19}},"loc":{"start":{"line":603,"column":35},"end":{"line":626,"column":3}}},"22":{"name":"(anonymous_26)","decl":{"start":{"line":629,"column":8},"end":{"line":629,"column":19}},"loc":{"start":{"line":629,"column":35},"end":{"line":652,"column":3}}},"23":{"name":"(anonymous_27)","decl":{"start":{"line":654,"column":10},"end":{"line":654,"column":15}},"loc":{"start":{"line":657,"column":53},"end":{"line":688,"column":3}}},"24":{"name":"(anonymous_28)","decl":{"start":{"line":690,"column":10},"end":{"line":690,"column":15}},"loc":{"start":{"line":690,"column":70},"end":{"line":706,"column":3}}}},"branchMap":{"0":{"loc":{"start":{"line":18,"column":4},"end":{"line":18,"column":34}},"type":"if","locations":[{"start":{"line":18,"column":4},"end":{"line":18,"column":34}},{"start":{},"end":{}}]},"1":{"loc":{"start":{"line":12,"column":39},"end":{"line":12,"column":55}},"type":"cond-expr","locations":[{"start":{"line":12,"column":52},"end":{"line":12,"column":55}},{"start":{"line":12,"column":52},"end":{"line":12,"column":55}}]},"2":{"loc":{"start":{"line":12,"column":39},"end":{"line":12,"column":52}},"type":"binary-expr","locations":[{"start":{"line":12,"column":39},"end":{"line":12,"column":55}},{"start":{"line":12,"column":39},"end":{"line":12,"column":52}}]},"3":{"loc":{"start":{"line":41,"column":4},"end":{"line":41,"column":28}},"type":"if","locations":[{"start":{"line":41,"column":4},"end":{"line":41,"column":28}},{"start":{},"end":{}}]},"4":{"loc":{"start":{"line":48,"column":4},"end":{"line":56,"column":5}},"type":"if","locations":[{"start":{"line":48,"column":4},"end":{"line":56,"column":5}},{"start":{},"end":{}}]},"5":{"loc":{"start":{"line":58,"column":4},"end":{"line":61,"column":5}},"type":"if","locations":[{"start":{"line":58,"column":4},"end":{"line":61,"column":5}},{"start":{},"end":{}}]},"6":{"loc":{"start":{"line":76,"column":4},"end":{"line":76,"column":28}},"type":"if","locations":[{"start":{"line":76,"column":4},"end":{"line":76,"column":28}},{"start":{},"end":{}}]},"7":{"loc":{"start":{"line":82,"column":4},"end":{"line":85,"column":5}},"type":"if","locations":[{"start":{"line":82,"column":4},"end":{"line":85,"column":5}},{"start":{},"end":{}}]},"8":{"loc":{"start":{"line":82,"column":8},"end":{"line":82,"column":38}},"type":"binary-expr","locations":[{"start":{"line":82,"column":8},"end":{"line":82,"column":13}},{"start":{"line":82,"column":17},"end":{"line":82,"column":38}}]},"9":{"loc":{"start":{"line":91,"column":4},"end":{"line":94,"column":5}},"type":"if","locations":[{"start":{"line":91,"column":4},"end":{"line":94,"column":5}},{"start":{},"end":{}}]},"10":{"loc":{"start":{"line":99,"column":21},"end":{"line":99,"column":49}},"type":"cond-expr","locations":[{"start":{"line":99,"column":40},"end":{"line":99,"column":43}},{"start":{"line":99,"column":46},"end":{"line":99,"column":49}}]},"11":{"loc":{"start":{"line":111,"column":4},"end":{"line":111,"column":28}},"type":"if","locations":[{"start":{"line":111,"column":4},"end":{"line":111,"column":28}},{"start":{},"end":{}}]},"12":{"loc":{"start":{"line":117,"column":4},"end":{"line":120,"column":5}},"type":"if","locations":[{"start":{"line":117,"column":4},"end":{"line":120,"column":5}},{"start":{},"end":{}}]},"13":{"loc":{"start":{"line":117,"column":8},"end":{"line":117,"column":38}},"type":"binary-expr","locations":[{"start":{"line":117,"column":8},"end":{"line":117,"column":13}},{"start":{"line":117,"column":17},"end":{"line":117,"column":38}}]},"14":{"loc":{"start":{"line":125,"column":4},"end":{"line":128,"column":5}},"type":"if","locations":[{"start":{"line":125,"column":4},"end":{"line":128,"column":5}},{"start":{},"end":{}}]},"15":{"loc":{"start":{"line":131,"column":4},"end":{"line":134,"column":5}},"type":"if","locations":[{"start":{"line":131,"column":4},"end":{"line":134,"column":5}},{"start":{},"end":{}}]},"16":{"loc":{"start":{"line":131,"column":8},"end":{"line":131,"column":62}},"type":"binary-expr","locations":[{"start":{"line":131,"column":8},"end":{"line":131,"column":34}},{"start":{"line":131,"column":38},"end":{"line":131,"column":62}}]},"17":{"loc":{"start":{"line":136,"column":4},"end":{"line":146,"column":5}},"type":"if","locations":[{"start":{"line":136,"column":4},"end":{"line":146,"column":5}},{"start":{"line":138,"column":11},"end":{"line":146,"column":5}}]},"18":{"loc":{"start":{"line":138,"column":11},"end":{"line":146,"column":5}},"type":"if","locations":[{"start":{"line":138,"column":11},"end":{"line":146,"column":5}},{"start":{"line":140,"column":11},"end":{"line":146,"column":5}}]},"19":{"loc":{"start":{"line":140,"column":11},"end":{"line":146,"column":5}},"type":"if","locations":[{"start":{"line":140,"column":11},"end":{"line":146,"column":5}},{"start":{"line":142,"column":11},"end":{"line":146,"column":5}}]},"20":{"loc":{"start":{"line":142,"column":11},"end":{"line":146,"column":5}},"type":"if","locations":[{"start":{"line":142,"column":11},"end":{"line":146,"column":5}},{"start":{"line":144,"column":11},"end":{"line":146,"column":5}}]},"21":{"loc":{"start":{"line":144,"column":11},"end":{"line":146,"column":5}},"type":"if","locations":[{"start":{"line":144,"column":11},"end":{"line":146,"column":5}},{"start":{},"end":{}}]},"22":{"loc":{"start":{"line":153,"column":4},"end":{"line":153,"column":37}},"type":"if","locations":[{"start":{"line":153,"column":4},"end":{"line":153,"column":37}},{"start":{},"end":{}}]},"23":{"loc":{"start":{"line":153,"column":8},"end":{"line":153,"column":28}},"type":"binary-expr","locations":[{"start":{"line":153,"column":8},"end":{"line":153,"column":18}},{"start":{"line":153,"column":22},"end":{"line":153,"column":28}}]},"24":{"loc":{"start":{"line":159,"column":4},"end":{"line":164,"column":5}},"type":"if","locations":[{"start":{"line":159,"column":4},"end":{"line":164,"column":5}},{"start":{},"end":{}}]},"25":{"loc":{"start":{"line":166,"column":4},"end":{"line":192,"column":5}},"type":"if","locations":[{"start":{"line":166,"column":4},"end":{"line":192,"column":5}},{"start":{"line":179,"column":11},"end":{"line":192,"column":5}}]},"26":{"loc":{"start":{"line":168,"column":6},"end":{"line":171,"column":7}},"type":"if","locations":[{"start":{"line":168,"column":6},"end":{"line":171,"column":7}},{"start":{},"end":{}}]},"27":{"loc":{"start":{"line":168,"column":10},"end":{"line":168,"column":36}},"type":"binary-expr","locations":[{"start":{"line":168,"column":10},"end":{"line":168,"column":22}},{"start":{"line":168,"column":26},"end":{"line":168,"column":36}}]},"28":{"loc":{"start":{"line":179,"column":11},"end":{"line":192,"column":5}},"type":"if","locations":[{"start":{"line":179,"column":11},"end":{"line":192,"column":5}},{"start":{},"end":{}}]},"29":{"loc":{"start":{"line":181,"column":6},"end":{"line":184,"column":7}},"type":"if","locations":[{"start":{"line":181,"column":6},"end":{"line":184,"column":7}},{"start":{},"end":{}}]},"30":{"loc":{"start":{"line":181,"column":10},"end":{"line":181,"column":35}},"type":"binary-expr","locations":[{"start":{"line":181,"column":10},"end":{"line":181,"column":22}},{"start":{"line":181,"column":26},"end":{"line":181,"column":35}}]},"31":{"loc":{"start":{"line":211,"column":4},"end":{"line":222,"column":5}},"type":"if","locations":[{"start":{"line":211,"column":4},"end":{"line":222,"column":5}},{"start":{},"end":{}}]},"32":{"loc":{"start":{"line":225,"column":4},"end":{"line":225,"column":31}},"type":"if","locations":[{"start":{"line":225,"column":4},"end":{"line":225,"column":31}},{"start":{},"end":{}}]},"33":{"loc":{"start":{"line":227,"column":4},"end":{"line":281,"column":5}},"type":"if","locations":[{"start":{"line":227,"column":4},"end":{"line":281,"column":5}},{"start":{"line":237,"column":11},"end":{"line":281,"column":5}}]},"34":{"loc":{"start":{"line":228,"column":6},"end":{"line":231,"column":7}},"type":"if","locations":[{"start":{"line":228,"column":6},"end":{"line":231,"column":7}},{"start":{},"end":{}}]},"35":{"loc":{"start":{"line":237,"column":11},"end":{"line":281,"column":5}},"type":"if","locations":[{"start":{"line":237,"column":11},"end":{"line":281,"column":5}},{"start":{"line":248,"column":11},"end":{"line":281,"column":5}}]},"36":{"loc":{"start":{"line":239,"column":6},"end":{"line":242,"column":7}},"type":"if","locations":[{"start":{"line":239,"column":6},"end":{"line":242,"column":7}},{"start":{},"end":{}}]},"37":{"loc":{"start":{"line":239,"column":10},"end":{"line":239,"column":36}},"type":"binary-expr","locations":[{"start":{"line":239,"column":10},"end":{"line":239,"column":22}},{"start":{"line":239,"column":26},"end":{"line":239,"column":36}}]},"38":{"loc":{"start":{"line":248,"column":11},"end":{"line":281,"column":5}},"type":"if","locations":[{"start":{"line":248,"column":11},"end":{"line":281,"column":5}},{"start":{},"end":{}}]},"39":{"loc":{"start":{"line":250,"column":6},"end":{"line":253,"column":7}},"type":"if","locations":[{"start":{"line":250,"column":6},"end":{"line":253,"column":7}},{"start":{},"end":{}}]},"40":{"loc":{"start":{"line":250,"column":10},"end":{"line":250,"column":35}},"type":"binary-expr","locations":[{"start":{"line":250,"column":10},"end":{"line":250,"column":22}},{"start":{"line":250,"column":26},"end":{"line":250,"column":35}}]},"41":{"loc":{"start":{"line":289,"column":4},"end":{"line":292,"column":5}},"type":"if","locations":[{"start":{"line":289,"column":4},"end":{"line":292,"column":5}},{"start":{},"end":{}}]},"42":{"loc":{"start":{"line":297,"column":21},"end":{"line":297,"column":49}},"type":"cond-expr","locations":[{"start":{"line":297,"column":40},"end":{"line":297,"column":43}},{"start":{"line":297,"column":46},"end":{"line":297,"column":49}}]},"43":{"loc":{"start":{"line":321,"column":4},"end":{"line":324,"column":5}},"type":"if","locations":[{"start":{"line":321,"column":4},"end":{"line":324,"column":5}},{"start":{},"end":{}}]},"44":{"loc":{"start":{"line":328,"column":33},"end":{"line":328,"column":67}},"type":"binary-expr","locations":[{"start":{"line":328,"column":33},"end":{"line":328,"column":52}},{"start":{"line":328,"column":56},"end":{"line":328,"column":67}}]},"45":{"loc":{"start":{"line":329,"column":34},"end":{"line":329,"column":65}},"type":"binary-expr","locations":[{"start":{"line":329,"column":34},"end":{"line":329,"column":50}},{"start":{"line":329,"column":54},"end":{"line":329,"column":65}}]},"46":{"loc":{"start":{"line":362,"column":4},"end":{"line":365,"column":5}},"type":"if","locations":[{"start":{"line":362,"column":4},"end":{"line":365,"column":5}},{"start":{},"end":{}}]},"47":{"loc":{"start":{"line":369,"column":33},"end":{"line":369,"column":67}},"type":"binary-expr","locations":[{"start":{"line":369,"column":33},"end":{"line":369,"column":52}},{"start":{"line":369,"column":56},"end":{"line":369,"column":67}}]},"48":{"loc":{"start":{"line":370,"column":34},"end":{"line":370,"column":65}},"type":"binary-expr","locations":[{"start":{"line":370,"column":34},"end":{"line":370,"column":50}},{"start":{"line":370,"column":54},"end":{"line":370,"column":65}}]},"49":{"loc":{"start":{"line":389,"column":4},"end":{"line":392,"column":5}},"type":"if","locations":[{"start":{"line":389,"column":4},"end":{"line":392,"column":5}},{"start":{},"end":{}}]},"50":{"loc":{"start":{"line":397,"column":21},"end":{"line":397,"column":49}},"type":"cond-expr","locations":[{"start":{"line":397,"column":40},"end":{"line":397,"column":43}},{"start":{"line":397,"column":46},"end":{"line":397,"column":49}}]},"51":{"loc":{"start":{"line":409,"column":12},"end":{"line":409,"column":68}},"type":"cond-expr","locations":[{"start":{"line":409,"column":31},"end":{"line":409,"column":49}},{"start":{"line":409,"column":52},"end":{"line":409,"column":68}}]},"52":{"loc":{"start":{"line":437,"column":4},"end":{"line":440,"column":5}},"type":"if","locations":[{"start":{"line":437,"column":4},"end":{"line":440,"column":5}},{"start":{},"end":{}}]},"53":{"loc":{"start":{"line":445,"column":33},"end":{"line":445,"column":67}},"type":"binary-expr","locations":[{"start":{"line":445,"column":33},"end":{"line":445,"column":52}},{"start":{"line":445,"column":56},"end":{"line":445,"column":67}}]},"54":{"loc":{"start":{"line":446,"column":34},"end":{"line":446,"column":65}},"type":"binary-expr","locations":[{"start":{"line":446,"column":34},"end":{"line":446,"column":50}},{"start":{"line":446,"column":54},"end":{"line":446,"column":65}}]},"55":{"loc":{"start":{"line":458,"column":6},"end":{"line":468,"column":7}},"type":"if","locations":[{"start":{"line":458,"column":6},"end":{"line":468,"column":7}},{"start":{"line":463,"column":13},"end":{"line":468,"column":7}}]},"56":{"loc":{"start":{"line":463,"column":13},"end":{"line":468,"column":7}},"type":"if","locations":[{"start":{"line":463,"column":13},"end":{"line":468,"column":7}},{"start":{},"end":{}}]},"57":{"loc":{"start":{"line":479,"column":4},"end":{"line":482,"column":5}},"type":"if","locations":[{"start":{"line":479,"column":4},"end":{"line":482,"column":5}},{"start":{},"end":{}}]},"58":{"loc":{"start":{"line":485,"column":21},"end":{"line":485,"column":67}},"type":"cond-expr","locations":[{"start":{"line":485,"column":40},"end":{"line":485,"column":51}},{"start":{"line":485,"column":54},"end":{"line":485,"column":67}}]},"59":{"loc":{"start":{"line":498,"column":12},"end":{"line":498,"column":68}},"type":"cond-expr","locations":[{"start":{"line":498,"column":31},"end":{"line":498,"column":49}},{"start":{"line":498,"column":52},"end":{"line":498,"column":68}}]},"60":{"loc":{"start":{"line":511,"column":4},"end":{"line":511,"column":61}},"type":"if","locations":[{"start":{"line":511,"column":4},"end":{"line":511,"column":61}},{"start":{},"end":{}}]},"61":{"loc":{"start":{"line":511,"column":8},"end":{"line":511,"column":52}},"type":"binary-expr","locations":[{"start":{"line":511,"column":8},"end":{"line":511,"column":22}},{"start":{"line":511,"column":26},"end":{"line":511,"column":52}}]},"62":{"loc":{"start":{"line":514,"column":4},"end":{"line":514,"column":28}},"type":"if","locations":[{"start":{"line":514,"column":4},"end":{"line":514,"column":28}},{"start":{},"end":{}}]},"63":{"loc":{"start":{"line":520,"column":4},"end":{"line":523,"column":5}},"type":"if","locations":[{"start":{"line":520,"column":4},"end":{"line":523,"column":5}},{"start":{},"end":{}}]},"64":{"loc":{"start":{"line":520,"column":8},"end":{"line":520,"column":38}},"type":"binary-expr","locations":[{"start":{"line":520,"column":8},"end":{"line":520,"column":13}},{"start":{"line":520,"column":17},"end":{"line":520,"column":38}}]},"65":{"loc":{"start":{"line":532,"column":4},"end":{"line":532,"column":61}},"type":"if","locations":[{"start":{"line":532,"column":4},"end":{"line":532,"column":61}},{"start":{},"end":{}}]},"66":{"loc":{"start":{"line":532,"column":8},"end":{"line":532,"column":52}},"type":"binary-expr","locations":[{"start":{"line":532,"column":8},"end":{"line":532,"column":22}},{"start":{"line":532,"column":26},"end":{"line":532,"column":52}}]},"67":{"loc":{"start":{"line":535,"column":4},"end":{"line":535,"column":28}},"type":"if","locations":[{"start":{"line":535,"column":4},"end":{"line":535,"column":28}},{"start":{},"end":{}}]},"68":{"loc":{"start":{"line":541,"column":4},"end":{"line":544,"column":5}},"type":"if","locations":[{"start":{"line":541,"column":4},"end":{"line":544,"column":5}},{"start":{},"end":{}}]},"69":{"loc":{"start":{"line":541,"column":8},"end":{"line":541,"column":38}},"type":"binary-expr","locations":[{"start":{"line":541,"column":8},"end":{"line":541,"column":13}},{"start":{"line":541,"column":17},"end":{"line":541,"column":38}}]},"70":{"loc":{"start":{"line":553,"column":4},"end":{"line":553,"column":61}},"type":"if","locations":[{"start":{"line":553,"column":4},"end":{"line":553,"column":61}},{"start":{},"end":{}}]},"71":{"loc":{"start":{"line":553,"column":8},"end":{"line":553,"column":52}},"type":"binary-expr","locations":[{"start":{"line":553,"column":8},"end":{"line":553,"column":22}},{"start":{"line":553,"column":26},"end":{"line":553,"column":52}}]},"72":{"loc":{"start":{"line":556,"column":4},"end":{"line":556,"column":28}},"type":"if","locations":[{"start":{"line":556,"column":4},"end":{"line":556,"column":28}},{"start":{},"end":{}}]},"73":{"loc":{"start":{"line":562,"column":4},"end":{"line":565,"column":5}},"type":"if","locations":[{"start":{"line":562,"column":4},"end":{"line":565,"column":5}},{"start":{},"end":{}}]},"74":{"loc":{"start":{"line":562,"column":8},"end":{"line":562,"column":38}},"type":"binary-expr","locations":[{"start":{"line":562,"column":8},"end":{"line":562,"column":13}},{"start":{"line":562,"column":17},"end":{"line":562,"column":38}}]},"75":{"loc":{"start":{"line":574,"column":4},"end":{"line":574,"column":61}},"type":"if","locations":[{"start":{"line":574,"column":4},"end":{"line":574,"column":61}},{"start":{},"end":{}}]},"76":{"loc":{"start":{"line":574,"column":8},"end":{"line":574,"column":52}},"type":"binary-expr","locations":[{"start":{"line":574,"column":8},"end":{"line":574,"column":22}},{"start":{"line":574,"column":26},"end":{"line":574,"column":52}}]},"77":{"loc":{"start":{"line":577,"column":4},"end":{"line":577,"column":28}},"type":"if","locations":[{"start":{"line":577,"column":4},"end":{"line":577,"column":28}},{"start":{},"end":{}}]},"78":{"loc":{"start":{"line":583,"column":4},"end":{"line":586,"column":5}},"type":"if","locations":[{"start":{"line":583,"column":4},"end":{"line":586,"column":5}},{"start":{},"end":{}}]},"79":{"loc":{"start":{"line":583,"column":8},"end":{"line":583,"column":38}},"type":"binary-expr","locations":[{"start":{"line":583,"column":8},"end":{"line":583,"column":13}},{"start":{"line":583,"column":17},"end":{"line":583,"column":38}}]},"80":{"loc":{"start":{"line":605,"column":4},"end":{"line":605,"column":61}},"type":"if","locations":[{"start":{"line":605,"column":4},"end":{"line":605,"column":61}},{"start":{},"end":{}}]},"81":{"loc":{"start":{"line":605,"column":8},"end":{"line":605,"column":52}},"type":"binary-expr","locations":[{"start":{"line":605,"column":8},"end":{"line":605,"column":22}},{"start":{"line":605,"column":26},"end":{"line":605,"column":52}}]},"82":{"loc":{"start":{"line":608,"column":4},"end":{"line":608,"column":28}},"type":"if","locations":[{"start":{"line":608,"column":4},"end":{"line":608,"column":28}},{"start":{},"end":{}}]},"83":{"loc":{"start":{"line":614,"column":4},"end":{"line":617,"column":5}},"type":"if","locations":[{"start":{"line":614,"column":4},"end":{"line":617,"column":5}},{"start":{},"end":{}}]},"84":{"loc":{"start":{"line":614,"column":8},"end":{"line":614,"column":38}},"type":"binary-expr","locations":[{"start":{"line":614,"column":8},"end":{"line":614,"column":13}},{"start":{"line":614,"column":17},"end":{"line":614,"column":38}}]},"85":{"loc":{"start":{"line":631,"column":4},"end":{"line":631,"column":61}},"type":"if","locations":[{"start":{"line":631,"column":4},"end":{"line":631,"column":61}},{"start":{},"end":{}}]},"86":{"loc":{"start":{"line":631,"column":8},"end":{"line":631,"column":52}},"type":"binary-expr","locations":[{"start":{"line":631,"column":8},"end":{"line":631,"column":22}},{"start":{"line":631,"column":26},"end":{"line":631,"column":52}}]},"87":{"loc":{"start":{"line":634,"column":4},"end":{"line":634,"column":28}},"type":"if","locations":[{"start":{"line":634,"column":4},"end":{"line":634,"column":28}},{"start":{},"end":{}}]},"88":{"loc":{"start":{"line":640,"column":4},"end":{"line":643,"column":5}},"type":"if","locations":[{"start":{"line":640,"column":4},"end":{"line":643,"column":5}},{"start":{},"end":{}}]},"89":{"loc":{"start":{"line":640,"column":8},"end":{"line":640,"column":38}},"type":"binary-expr","locations":[{"start":{"line":640,"column":8},"end":{"line":640,"column":13}},{"start":{"line":640,"column":17},"end":{"line":640,"column":38}}]},"90":{"loc":{"start":{"line":664,"column":4},"end":{"line":667,"column":5}},"type":"if","locations":[{"start":{"line":664,"column":4},"end":{"line":667,"column":5}},{"start":{},"end":{}}]},"91":{"loc":{"start":{"line":695,"column":4},"end":{"line":698,"column":5}},"type":"if","locations":[{"start":{"line":695,"column":4},"end":{"line":698,"column":5}},{"start":{},"end":{}}]},"92":{"loc":{"start":{"line":705,"column":28},"end":{"line":705,"column":94}},"type":"cond-expr","locations":[{"start":{"line":705,"column":47},"end":{"line":705,"column":70}},{"start":{"line":705,"column":73},"end":{"line":705,"column":94}}]},"93":{"loc":{"start":{"line":39,"column":34},"end":{"line":39,"column":null}},"type":"cond-expr","locations":[{"start":{"line":39,"column":41},"end":{"line":39,"column":null}},{"start":{"line":39,"column":41},"end":{"line":39,"column":null}}]},"94":{"loc":{"start":{"line":39,"column":34},"end":{"line":39,"column":41}},"type":"binary-expr","locations":[{"start":{"line":39,"column":34},"end":{"line":39,"column":null}},{"start":{"line":39,"column":34},"end":{"line":39,"column":41}}]},"95":{"loc":{"start":{"line":74,"column":41},"end":{"line":74,"column":null}},"type":"cond-expr","locations":[{"start":{"line":74,"column":48},"end":{"line":74,"column":null}},{"start":{"line":74,"column":48},"end":{"line":74,"column":null}}]},"96":{"loc":{"start":{"line":74,"column":41},"end":{"line":74,"column":48}},"type":"binary-expr","locations":[{"start":{"line":74,"column":41},"end":{"line":74,"column":null}},{"start":{"line":74,"column":41},"end":{"line":74,"column":48}}]},"97":{"loc":{"start":{"line":109,"column":33},"end":{"line":109,"column":null}},"type":"cond-expr","locations":[{"start":{"line":109,"column":40},"end":{"line":109,"column":null}},{"start":{"line":109,"column":40},"end":{"line":109,"column":null}}]},"98":{"loc":{"start":{"line":109,"column":33},"end":{"line":109,"column":40}},"type":"binary-expr","locations":[{"start":{"line":109,"column":33},"end":{"line":109,"column":null}},{"start":{"line":109,"column":33},"end":{"line":109,"column":40}}]},"99":{"loc":{"start":{"line":509,"column":40},"end":{"line":509,"column":null}},"type":"cond-expr","locations":[{"start":{"line":509,"column":47},"end":{"line":509,"column":null}},{"start":{"line":509,"column":47},"end":{"line":509,"column":null}}]},"100":{"loc":{"start":{"line":509,"column":40},"end":{"line":509,"column":47}},"type":"binary-expr","locations":[{"start":{"line":509,"column":40},"end":{"line":509,"column":null}},{"start":{"line":509,"column":40},"end":{"line":509,"column":47}}]},"101":{"loc":{"start":{"line":530,"column":40},"end":{"line":530,"column":null}},"type":"cond-expr","locations":[{"start":{"line":530,"column":47},"end":{"line":530,"column":null}},{"start":{"line":530,"column":47},"end":{"line":530,"column":null}}]},"102":{"loc":{"start":{"line":530,"column":40},"end":{"line":530,"column":47}},"type":"binary-expr","locations":[{"start":{"line":530,"column":40},"end":{"line":530,"column":null}},{"start":{"line":530,"column":40},"end":{"line":530,"column":47}}]},"103":{"loc":{"start":{"line":551,"column":42},"end":{"line":551,"column":null}},"type":"cond-expr","locations":[{"start":{"line":551,"column":49},"end":{"line":551,"column":null}},{"start":{"line":551,"column":49},"end":{"line":551,"column":null}}]},"104":{"loc":{"start":{"line":551,"column":42},"end":{"line":551,"column":49}},"type":"binary-expr","locations":[{"start":{"line":551,"column":42},"end":{"line":551,"column":null}},{"start":{"line":551,"column":42},"end":{"line":551,"column":49}}]},"105":{"loc":{"start":{"line":572,"column":42},"end":{"line":572,"column":null}},"type":"cond-expr","locations":[{"start":{"line":572,"column":49},"end":{"line":572,"column":null}},{"start":{"line":572,"column":49},"end":{"line":572,"column":null}}]},"106":{"loc":{"start":{"line":572,"column":42},"end":{"line":572,"column":49}},"type":"binary-expr","locations":[{"start":{"line":572,"column":42},"end":{"line":572,"column":null}},{"start":{"line":572,"column":42},"end":{"line":572,"column":49}}]},"107":{"loc":{"start":{"line":593,"column":37},"end":{"line":593,"column":null}},"type":"cond-expr","locations":[{"start":{"line":593,"column":44},"end":{"line":593,"column":null}},{"start":{"line":593,"column":44},"end":{"line":593,"column":null}}]},"108":{"loc":{"start":{"line":593,"column":37},"end":{"line":593,"column":44}},"type":"binary-expr","locations":[{"start":{"line":593,"column":37},"end":{"line":593,"column":null}},{"start":{"line":593,"column":37},"end":{"line":593,"column":44}}]},"109":{"loc":{"start":{"line":598,"column":40},"end":{"line":598,"column":null}},"type":"cond-expr","locations":[{"start":{"line":598,"column":47},"end":{"line":598,"column":null}},{"start":{"line":598,"column":47},"end":{"line":598,"column":null}}]},"110":{"loc":{"start":{"line":598,"column":40},"end":{"line":598,"column":47}},"type":"binary-expr","locations":[{"start":{"line":598,"column":40},"end":{"line":598,"column":null}},{"start":{"line":598,"column":40},"end":{"line":598,"column":47}}]},"111":{"loc":{"start":{"line":603,"column":38},"end":{"line":603,"column":null}},"type":"cond-expr","locations":[{"start":{"line":603,"column":45},"end":{"line":603,"column":null}},{"start":{"line":603,"column":45},"end":{"line":603,"column":null}}]},"112":{"loc":{"start":{"line":603,"column":38},"end":{"line":603,"column":45}},"type":"binary-expr","locations":[{"start":{"line":603,"column":38},"end":{"line":603,"column":null}},{"start":{"line":603,"column":38},"end":{"line":603,"column":45}}]},"113":{"loc":{"start":{"line":629,"column":38},"end":{"line":629,"column":null}},"type":"cond-expr","locations":[{"start":{"line":629,"column":45},"end":{"line":629,"column":null}},{"start":{"line":629,"column":45},"end":{"line":629,"column":null}}]},"114":{"loc":{"start":{"line":629,"column":38},"end":{"line":629,"column":45}},"type":"binary-expr","locations":[{"start":{"line":629,"column":38},"end":{"line":629,"column":null}},{"start":{"line":629,"column":38},"end":{"line":629,"column":45}}]},"115":{"loc":{"start":{"line":32,"column":26},"end":{"line":32,"column":46}},"type":"cond-expr","locations":[{"start":{"line":32,"column":34},"end":{"line":32,"column":46}},{"start":{"line":32,"column":34},"end":{"line":32,"column":46}}]},"116":{"loc":{"start":{"line":32,"column":26},"end":{"line":32,"column":34}},"type":"binary-expr","locations":[{"start":{"line":32,"column":26},"end":{"line":32,"column":46}},{"start":{"line":32,"column":26},"end":{"line":32,"column":34}}]},"117":{"loc":{"start":{"line":32,"column":34},"end":{"line":33,"column":null}},"type":"cond-expr","locations":[{"start":{"line":33,"column":42},"end":{"line":33,"column":null}},{"start":{"line":33,"column":42},"end":{"line":33,"column":null}}]},"118":{"loc":{"start":{"line":32,"column":34},"end":{"line":33,"column":42}},"type":"binary-expr","locations":[{"start":{"line":32,"column":34},"end":{"line":33,"column":null}},{"start":{"line":33,"column":29},"end":{"line":33,"column":42}}]},"119":{"loc":{"start":{"line":33,"column":42},"end":{"line":34,"column":null}},"type":"cond-expr","locations":[{"start":{"line":34,"column":53},"end":{"line":34,"column":null}},{"start":{"line":34,"column":53},"end":{"line":34,"column":null}}]},"120":{"loc":{"start":{"line":33,"column":42},"end":{"line":34,"column":53}},"type":"binary-expr","locations":[{"start":{"line":33,"column":42},"end":{"line":34,"column":null}},{"start":{"line":34,"column":38},"end":{"line":34,"column":53}}]},"121":{"loc":{"start":{"line":34,"column":53},"end":{"line":35,"column":null}},"type":"cond-expr","locations":[{"start":{"line":35,"column":55},"end":{"line":35,"column":null}},{"start":{"line":35,"column":55},"end":{"line":35,"column":null}}]},"122":{"loc":{"start":{"line":34,"column":53},"end":{"line":35,"column":55}},"type":"binary-expr","locations":[{"start":{"line":34,"column":53},"end":{"line":35,"column":null}},{"start":{"line":35,"column":39},"end":{"line":35,"column":55}}]}},"s":{"0":1,"1":1,"2":1,"3":1,"4":1,"5":1,"6":1,"7":0,"8":0,"9":0,"10":0,"11":0,"12":0,"13":0,"14":1,"15":1,"16":1,"17":44,"18":44,"19":44,"20":44,"21":3,"22":3,"23":0,"24":3,"25":3,"26":1,"27":3,"28":1,"29":1,"30":2,"31":3,"32":3,"33":0,"34":3,"35":3,"36":1,"37":1,"38":2,"39":2,"40":1,"41":1,"42":1,"43":1,"44":2,"45":2,"46":2,"47":2,"48":1,"49":22,"50":22,"51":0,"52":22,"53":22,"54":1,"55":1,"56":21,"57":21,"58":7,"59":7,"60":14,"61":5,"62":5,"63":9,"64":2,"65":7,"66":2,"67":5,"68":2,"69":3,"70":1,"71":2,"72":2,"73":5,"74":5,"75":5,"76":0,"77":5,"78":5,"79":1,"80":1,"81":1,"82":1,"83":4,"84":2,"85":2,"86":1,"87":1,"88":1,"89":1,"90":2,"91":2,"92":2,"93":1,"94":1,"95":1,"96":1,"97":2,"98":2,"99":1,"100":1,"101":7,"102":1,"103":1,"104":1,"105":6,"106":6,"107":0,"108":6,"109":2,"110":1,"111":1,"112":1,"113":1,"114":1,"115":4,"116":2,"117":2,"118":1,"119":1,"120":1,"121":1,"122":1,"123":2,"124":2,"125":2,"126":1,"127":1,"128":1,"129":1,"130":1,"131":1,"132":2,"133":2,"134":1,"135":1,"136":1,"137":1,"138":1,"139":1,"140":1,"141":1,"142":1,"143":2,"144":2,"145":1,"146":1,"147":1,"148":1,"149":1,"150":1,"151":1,"152":1,"153":1,"154":1,"155":1,"156":1,"157":1,"158":2,"159":2,"160":1,"161":1,"162":1,"163":1,"164":1,"165":1,"166":1,"167":1,"168":1,"169":1,"170":1,"171":1,"172":2,"173":2,"174":1,"175":1,"176":1,"177":1,"178":1,"179":1,"180":1,"181":1,"182":1,"183":1,"184":0,"185":0,"186":0,"187":0,"188":0,"189":0,"190":0,"191":0,"192":0,"193":0,"194":0,"195":0,"196":0,"197":0,"198":0,"199":0,"200":0,"201":0,"202":0,"203":0,"204":0,"205":0,"206":0,"207":0,"208":0,"209":0,"210":0,"211":0,"212":0,"213":0,"214":0,"215":0,"216":3,"217":3,"218":0,"219":3,"220":3,"221":0,"222":3,"223":3,"224":1,"225":1,"226":2,"227":2,"228":2,"229":2,"230":0,"231":2,"232":2,"233":0,"234":2,"235":2,"236":1,"237":1,"238":1,"239":1,"240":2,"241":2,"242":0,"243":2,"244":2,"245":0,"246":2,"247":2,"248":1,"249":1,"250":1,"251":1,"252":3,"253":3,"254":0,"255":3,"256":3,"257":0,"258":3,"259":3,"260":1,"261":1,"262":2,"263":2,"264":1,"265":1,"266":2,"267":2,"268":0,"269":2,"270":2,"271":0,"272":2,"273":2,"274":1,"275":1,"276":1,"277":1,"278":1,"279":1,"280":1,"281":2,"282":2,"283":0,"284":2,"285":2,"286":0,"287":2,"288":2,"289":1,"290":1,"291":1,"292":1,"293":1,"294":1,"295":1,"296":4,"297":4,"298":1,"299":1,"300":3,"301":3,"302":3,"303":3,"304":3,"305":2,"306":2,"307":1,"308":1,"309":1,"310":1,"311":1,"312":1,"313":1,"314":1,"315":1,"316":1,"317":1,"318":1,"319":1,"320":1,"321":1,"322":1,"323":1},"f":{"0":0,"1":0,"2":44,"3":3,"4":3,"5":22,"6":5,"7":1,"8":7,"9":2,"10":2,"11":2,"12":2,"13":0,"14":0,"15":3,"16":2,"17":2,"18":3,"19":1,"20":1,"21":2,"22":2,"23":4,"24":2},"b":{"0":[0,0],"1":[1,0],"2":[1,1],"3":[0,3],"4":[1,2],"5":[1,2],"6":[0,3],"7":[1,2],"8":[3,3],"9":[1,1],"10":[1,1],"11":[0,22],"12":[1,21],"13":[22,22],"14":[7,14],"15":[5,9],"16":[14,5],"17":[2,7],"18":[2,5],"19":[2,3],"20":[1,2],"21":[2,0],"22":[0,5],"23":[5,5],"24":[1,4],"25":[2,2],"26":[1,1],"27":[2,1],"28":[2,0],"29":[1,1],"30":[2,2],"31":[1,6],"32":[0,6],"33":[2,4],"34":[1,1],"35":[2,2],"36":[1,1],"37":[2,2],"38":[2,0],"39":[1,1],"40":[2,2],"41":[1,1],"42":[1,0],"43":[1,1],"44":[1,0],"45":[1,0],"46":[1,1],"47":[1,0],"48":[1,0],"49":[1,1],"50":[1,0],"51":[1,0],"52":[0,0],"53":[0,0],"54":[0,0],"55":[0,0],"56":[0,0],"57":[0,0],"58":[0,0],"59":[0,0],"60":[0,3],"61":[3,3],"62":[0,3],"63":[1,2],"64":[3,3],"65":[0,2],"66":[2,2],"67":[0,2],"68":[1,1],"69":[2,2],"70":[0,2],"71":[2,2],"72":[0,2],"73":[1,1],"74":[2,2],"75":[0,3],"76":[3,3],"77":[0,3],"78":[1,2],"79":[3,3],"80":[0,2],"81":[2,2],"82":[0,2],"83":[1,1],"84":[2,2],"85":[0,2],"86":[2,2],"87":[0,2],"88":[1,1],"89":[2,2],"90":[1,3],"91":[1,1],"92":[1,0],"93":[1,0],"94":[1,1],"95":[1,0],"96":[1,1],"97":[1,0],"98":[1,1],"99":[1,0],"100":[1,1],"101":[1,0],"102":[1,1],"103":[1,0],"104":[1,1],"105":[1,0],"106":[1,1],"107":[1,0],"108":[1,1],"109":[1,0],"110":[1,1],"111":[1,0],"112":[1,1],"113":[1,0],"114":[1,1],"115":[1,0],"116":[1,1],"117":[1,0],"118":[1,1],"119":[1,0],"120":[1,1],"121":[1,0],"122":[1,1]}}
,"/home/rahunak/Documents/eugene/AI_agents/telegram-veggie-bot/src/client-bot/client-bot.module.ts": {"path":"/home/rahunak/Documents/eugene/AI_agents/telegram-veggie-bot/src/client-bot/client-bot.module.ts","statementMap":{"0":{"start":{"line":1,"column":0},"end":{"line":1,"column":52}},"1":{"start":{"line":2,"column":0},"end":{"line":2,"column":54}},"2":{"start":{"line":3,"column":0},"end":{"line":3,"column":56}},"3":{"start":{"line":4,"column":0},"end":{"line":4,"column":63}},"4":{"start":{"line":11,"column":7},"end":{"line":11,"column":null}},"5":{"start":{"line":11,"column":13},"end":{"line":11,"column":28}},"6":{"start":{"line":11,"column":13},"end":{"line":11,"column":null}},"7":{"start":{"line":7,"column":29},"end":{"line":7,"column":43}}},"fnMap":{"0":{"name":"(anonymous_1)","decl":{"start":{"line":7,"column":23},"end":{"line":7,"column":26}},"loc":{"start":{"line":7,"column":29},"end":{"line":7,"column":43}}}},"branchMap":{},"s":{"0":0,"1":0,"2":0,"3":0,"4":0,"5":0,"6":0,"7":0},"f":{"0":0},"b":{}}
,"/home/rahunak/Documents/eugene/AI_agents/telegram-veggie-bot/src/client-bot/client-bot.service.ts": {"path":"/home/rahunak/Documents/eugene/AI_agents/telegram-veggie-bot/src/client-bot/client-bot.service.ts","statementMap":{"0":{"start":{"line":1,"column":0},"end":{"line":1,"column":44}},"1":{"start":{"line":2,"column":0},"end":{"line":2,"column":44}},"2":{"start":{"line":3,"column":0},"end":{"line":3,"column":36}},"3":{"start":{"line":7,"column":7},"end":{"line":33,"column":null}},"4":{"start":{"line":10,"column":21},"end":{"line":10,"column":26}},"5":{"start":{"line":14,"column":4},"end":{"line":14,"column":61}},"6":{"start":{"line":18,"column":4},"end":{"line":21,"column":6}},"7":{"start":{"line":25,"column":23},"end":{"line":29,"column":40}},"8":{"start":{"line":31,"column":4},"end":{"line":31,"column":71}},"9":{"start":{"line":7,"column":13},"end":{"line":7,"column":29}},"10":{"start":{"line":7,"column":13},"end":{"line":33,"column":null}}},"fnMap":{"0":{"name":"(anonymous_4)","decl":{"start":{"line":8,"column":2},"end":{"line":8,"column":null}},"loc":{"start":{"line":10,"column":46},"end":{"line":11,"column":6}}},"1":{"name":"(anonymous_5)","decl":{"start":{"line":13,"column":2},"end":{"line":13,"column":7}},"loc":{"start":{"line":13,"column":64},"end":{"line":15,"column":3}}},"2":{"name":"(anonymous_6)","decl":{"start":{"line":17,"column":2},"end":{"line":17,"column":7}},"loc":{"start":{"line":17,"column":61},"end":{"line":22,"column":3}}},"3":{"name":"(anonymous_7)","decl":{"start":{"line":24,"column":2},"end":{"line":24,"column":7}},"loc":{"start":{"line":24,"column":77},"end":{"line":32,"column":3}}}},"branchMap":{"0":{"loc":{"start":{"line":25,"column":23},"end":{"line":29,"column":40}},"type":"binary-expr","locations":[{"start":{"line":25,"column":23},"end":{"line":29,"column":13}},{"start":{"line":29,"column":17},"end":{"line":29,"column":40}}]},"1":{"loc":{"start":{"line":10,"column":26},"end":{"line":10,"column":46}},"type":"cond-expr","locations":[{"start":{"line":10,"column":34},"end":{"line":10,"column":46}},{"start":{"line":10,"column":34},"end":{"line":10,"column":46}}]},"2":{"loc":{"start":{"line":10,"column":26},"end":{"line":10,"column":34}},"type":"binary-expr","locations":[{"start":{"line":10,"column":26},"end":{"line":10,"column":46}},{"start":{"line":10,"column":26},"end":{"line":10,"column":34}}]}},"s":{"0":3,"1":3,"2":3,"3":3,"4":7,"5":7,"6":2,"7":4,"8":4,"9":3,"10":3},"f":{"0":7,"1":7,"2":2,"3":4},"b":{"0":[4,1],"1":[3,0],"2":[3,3]}}
,"/home/rahunak/Documents/eugene/AI_agents/telegram-veggie-bot/src/client-bot/client-bot.update.ts": {"path":"/home/rahunak/Documents/eugene/AI_agents/telegram-veggie-bot/src/client-bot/client-bot.update.ts","statementMap":{"0":{"start":{"line":1,"column":0},"end":{"line":1,"column":80}},"1":{"start":{"line":2,"column":0},"end":{"line":2,"column":44}},"2":{"start":{"line":3,"column":0},"end":{"line":3,"column":57}},"3":{"start":{"line":5,"column":0},"end":{"line":5,"column":56}},"4":{"start":{"line":6,"column":0},"end":{"line":6,"column":65}},"5":{"start":{"line":9,"column":7},"end":{"line":429,"column":null}},"6":{"start":{"line":12,"column":21},"end":{"line":12,"column":26}},"7":{"start":{"line":13,"column":21},"end":{"line":13,"column":29}},"8":{"start":{"line":14,"column":21},"end":{"line":14,"column":39}},"9":{"start":{"line":15,"column":21},"end":{"line":15,"column":38}},"10":{"start":{"line":20,"column":23},"end":{"line":20,"column":46}},"11":{"start":{"line":21,"column":4},"end":{"line":21,"column":28}},"12":{"start":{"line":21,"column":21},"end":{"line":21,"column":28}},"13":{"start":{"line":23,"column":15},"end":{"line":25,"column":6}},"14":{"start":{"line":27,"column":4},"end":{"line":35,"column":5}},"15":{"start":{"line":28,"column":6},"end":{"line":34,"column":9}},"16":{"start":{"line":37,"column":4},"end":{"line":37,"column":26}},"17":{"start":{"line":39,"column":4},"end":{"line":45,"column":6}},"18":{"start":{"line":50,"column":18},"end":{"line":50,"column":55}},"19":{"start":{"line":52,"column":4},"end":{"line":60,"column":5}},"20":{"start":{"line":53,"column":6},"end":{"line":53,"column":34}},"21":{"start":{"line":54,"column":11},"end":{"line":60,"column":5}},"22":{"start":{"line":55,"column":6},"end":{"line":55,"column":31}},"23":{"start":{"line":56,"column":11},"end":{"line":60,"column":5}},"24":{"start":{"line":57,"column":6},"end":{"line":57,"column":33}},"25":{"start":{"line":58,"column":11},"end":{"line":60,"column":5}},"26":{"start":{"line":59,"column":6},"end":{"line":59,"column":42}},"27":{"start":{"line":65,"column":21},"end":{"line":65,"column":82}},"28":{"start":{"line":66,"column":4},"end":{"line":66,"column":45}},"29":{"start":{"line":68,"column":23},"end":{"line":68,"column":46}},"30":{"start":{"line":69,"column":4},"end":{"line":74,"column":5}},"31":{"start":{"line":70,"column":6},"end":{"line":73,"column":9}},"32":{"start":{"line":76,"column":4},"end":{"line":76,"column":47}},"33":{"start":{"line":77,"column":4},"end":{"line":80,"column":6}},"34":{"start":{"line":84,"column":21},"end":{"line":86,"column":6}},"35":{"start":{"line":88,"column":4},"end":{"line":91,"column":5}},"36":{"start":{"line":89,"column":6},"end":{"line":89,"column":67}},"37":{"start":{"line":90,"column":6},"end":{"line":90,"column":13}},"38":{"start":{"line":93,"column":17},"end":{"line":93,"column":39}},"39":{"start":{"line":95,"column":4},"end":{"line":121,"column":5}},"40":{"start":{"line":96,"column":23},"end":{"line":96,"column":73}},"41":{"start":{"line":96,"column":43},"end":{"line":96,"column":72}},"42":{"start":{"line":99,"column":17},"end":{"line":99,"column":101}},"43":{"start":{"line":101,"column":6},"end":{"line":114,"column":7}},"44":{"start":{"line":102,"column":8},"end":{"line":102,"column":59}},"45":{"start":{"line":103,"column":8},"end":{"line":109,"column":11}},"46":{"start":{"line":111,"column":8},"end":{"line":113,"column":11}},"47":{"start":{"line":116,"column":6},"end":{"line":120,"column":7}},"48":{"start":{"line":117,"column":8},"end":{"line":117,"column":81}},"49":{"start":{"line":119,"column":8},"end":{"line":119,"column":39}},"50":{"start":{"line":125,"column":17},"end":{"line":125,"column":39}},"51":{"start":{"line":127,"column":4},"end":{"line":130,"column":5}},"52":{"start":{"line":128,"column":6},"end":{"line":128,"column":48}},"53":{"start":{"line":129,"column":6},"end":{"line":129,"column":13}},"54":{"start":{"line":132,"column":16},"end":{"line":132,"column":17}},"55":{"start":{"line":133,"column":19},"end":{"line":133,"column":41}},"56":{"start":{"line":135,"column":4},"end":{"line":145,"column":5}},"57":{"start":{"line":136,"column":22},"end":{"line":138,"column":8}},"58":{"start":{"line":140,"column":6},"end":{"line":144,"column":7}},"59":{"start":{"line":141,"column":26},"end":{"line":141,"column":63}},"60":{"start":{"line":142,"column":8},"end":{"line":142,"column":27}},"61":{"start":{"line":143,"column":8},"end":{"line":143,"column":88}},"62":{"start":{"line":147,"column":4},"end":{"line":147,"column":54}},"63":{"start":{"line":149,"column":4},"end":{"line":155,"column":6}},"64":{"start":{"line":159,"column":23},"end":{"line":159,"column":46}},"65":{"start":{"line":160,"column":4},"end":{"line":160,"column":28}},"66":{"start":{"line":160,"column":21},"end":{"line":160,"column":28}},"67":{"start":{"line":162,"column":17},"end":{"line":170,"column":6}},"68":{"start":{"line":172,"column":4},"end":{"line":175,"column":5}},"69":{"start":{"line":173,"column":6},"end":{"line":173,"column":49}},"70":{"start":{"line":174,"column":6},"end":{"line":174,"column":13}},"71":{"start":{"line":177,"column":21},"end":{"line":177,"column":52}},"72":{"start":{"line":179,"column":4},"end":{"line":190,"column":5}},"73":{"start":{"line":180,"column":26},"end":{"line":185,"column":21}},"74":{"start":{"line":187,"column":6},"end":{"line":187,"column":70}},"75":{"start":{"line":188,"column":6},"end":{"line":188,"column":56}},"76":{"start":{"line":189,"column":6},"end":{"line":189,"column":50}},"77":{"start":{"line":192,"column":4},"end":{"line":192,"column":32}},"78":{"start":{"line":196,"column":4},"end":{"line":196,"column":34}},"79":{"start":{"line":197,"column":4},"end":{"line":197,"column":38}},"80":{"start":{"line":199,"column":17},"end":{"line":199,"column":39}},"81":{"start":{"line":200,"column":23},"end":{"line":200,"column":46}},"82":{"start":{"line":202,"column":4},"end":{"line":205,"column":5}},"83":{"start":{"line":203,"column":6},"end":{"line":203,"column":55}},"84":{"start":{"line":204,"column":6},"end":{"line":204,"column":13}},"85":{"start":{"line":207,"column":17},"end":{"line":209,"column":6}},"86":{"start":{"line":211,"column":4},"end":{"line":214,"column":5}},"87":{"start":{"line":212,"column":6},"end":{"line":212,"column":49}},"88":{"start":{"line":213,"column":6},"end":{"line":213,"column":13}},"89":{"start":{"line":216,"column":4},"end":{"line":282,"column":5}},"90":{"start":{"line":217,"column":24},"end":{"line":217,"column":25}},"91":{"start":{"line":218,"column":85},"end":{"line":218,"column":87}},"92":{"start":{"line":220,"column":6},"end":{"line":238,"column":7}},"93":{"start":{"line":221,"column":24},"end":{"line":223,"column":10}},"94":{"start":{"line":225,"col
[...]
mn":45}},"type":"binary-expr","locations":[{"start":{"line":361,"column":8},"end":{"line":361,"column":15}},{"start":{"line":361,"column":19},"end":{"line":361,"column":45}}]},"40":{"loc":{"start":{"line":366,"column":6},"end":{"line":379,"column":7}},"type":"if","locations":[{"start":{"line":366,"column":6},"end":{"line":379,"column":7}},{"start":{"line":375,"column":13},"end":{"line":379,"column":7}}]},"41":{"loc":{"start":{"line":382,"column":8},"end":{"line":386,"column":9}},"type":"if","locations":[{"start":{"line":382,"column":8},"end":{"line":386,"column":9}},{"start":{"line":384,"column":15},"end":{"line":386,"column":9}}]},"42":{"loc":{"start":{"line":395,"column":17},"end":{"line":395,"column":39}},"type":"binary-expr","locations":[{"start":{"line":395,"column":17},"end":{"line":395,"column":33}},{"start":{"line":395,"column":37},"end":{"line":395,"column":39}}]},"43":{"loc":{"start":{"line":397,"column":4},"end":{"line":400,"column":5}},"type":"if","locations":[{"start":{"line":397,"column":4},"end":{"line":400,"column":5}},{"start":{},"end":{}}]},"44":{"loc":{"start":{"line":403,"column":4},"end":{"line":403,"column":28}},"type":"if","locations":[{"start":{"line":403,"column":4},"end":{"line":403,"column":28}},{"start":{},"end":{}}]},"45":{"loc":{"start":{"line":409,"column":4},"end":{"line":418,"column":5}},"type":"if","locations":[{"start":{"line":409,"column":4},"end":{"line":418,"column":5}},{"start":{"line":415,"column":11},"end":{"line":418,"column":5}}]},"46":{"loc":{"start":{"line":19,"column":34},"end":{"line":19,"column":null}},"type":"cond-expr","locations":[{"start":{"line":19,"column":41},"end":{"line":19,"column":null}},{"start":{"line":19,"column":41},"end":{"line":19,"column":null}}]},"47":{"loc":{"start":{"line":19,"column":34},"end":{"line":19,"column":41}},"type":"binary-expr","locations":[{"start":{"line":19,"column":34},"end":{"line":19,"column":null}},{"start":{"line":19,"column":34},"end":{"line":19,"column":41}}]},"48":{"loc":{"start":{"line":49,"column":33},"end":{"line":49,"column":null}},"type":"cond-expr","locations":[{"start":{"line":49,"column":40},"end":{"line":49,"column":null}},{"start":{"line":49,"column":40},"end":{"line":49,"column":null}}]},"49":{"loc":{"start":{"line":49,"column":33},"end":{"line":49,"column":40}},"type":"binary-expr","locations":[{"start":{"line":49,"column":33},"end":{"line":49,"column":null}},{"start":{"line":49,"column":33},"end":{"line":49,"column":40}}]},"50":{"loc":{"start":{"line":64,"column":36},"end":{"line":64,"column":null}},"type":"cond-expr","locations":[{"start":{"line":64,"column":43},"end":{"line":64,"column":null}},{"start":{"line":64,"column":43},"end":{"line":64,"column":null}}]},"51":{"loc":{"start":{"line":64,"column":36},"end":{"line":64,"column":43}},"type":"binary-expr","locations":[{"start":{"line":64,"column":36},"end":{"line":64,"column":null}},{"start":{"line":64,"column":36},"end":{"line":64,"column":43}}]},"52":{"loc":{"start":{"line":286,"column":38},"end":{"line":286,"column":null}},"type":"cond-expr","locations":[{"start":{"line":286,"column":45},"end":{"line":286,"column":null}},{"start":{"line":286,"column":45},"end":{"line":286,"column":null}}]},"53":{"loc":{"start":{"line":286,"column":38},"end":{"line":286,"column":45}},"type":"binary-expr","locations":[{"start":{"line":286,"column":38},"end":{"line":286,"column":null}},{"start":{"line":286,"column":38},"end":{"line":286,"column":45}}]},"54":{"loc":{"start":{"line":337,"column":43},"end":{"line":337,"column":null}},"type":"cond-expr","locations":[{"start":{"line":337,"column":50},"end":{"line":337,"column":null}},{"start":{"line":337,"column":50},"end":{"line":337,"column":null}}]},"55":{"loc":{"start":{"line":337,"column":43},"end":{"line":337,"column":50}},"type":"binary-expr","locations":[{"start":{"line":337,"column":43},"end":{"line":337,"column":null}},{"start":{"line":337,"column":43},"end":{"line":337,"column":50}}]},"56":{"loc":{"start":{"line":394,"column":37},"end":{"line":394,"column":null}},"type":"cond-expr","locations":[{"start":{"line":394,"column":44},"end":{"line":394,"column":null}},{"start":{"line":394,"column":44},"end":{"line":394,"column":null}}]},"57":{"loc":{"start":{"line":394,"column":37},"end":{"line":394,"column":44}},"type":"binary-expr","locations":[{"start":{"line":394,"column":37},"end":{"line":394,"column":null}},{"start":{"line":394,"column":37},"end":{"line":394,"column":44}}]},"58":{"loc":{"start":{"line":424,"column":38},"end":{"line":424,"column":null}},"type":"cond-expr","locations":[{"start":{"line":424,"column":45},"end":{"line":424,"column":null}},{"start":{"line":424,"column":45},"end":{"line":424,"column":null}}]},"59":{"loc":{"start":{"line":424,"column":38},"end":{"line":424,"column":45}},"type":"binary-expr","locations":[{"start":{"line":424,"column":38},"end":{"line":424,"column":null}},{"start":{"line":424,"column":38},"end":{"line":424,"column":45}}]},"60":{"loc":{"start":{"line":12,"column":26},"end":{"line":12,"column":46}},"type":"cond-expr","locations":[{"start":{"line":12,"column":34},"end":{"line":12,"column":46}},{"start":{"line":12,"column":34},"end":{"line":12,"column":46}}]},"61":{"loc":{"start":{"line":12,"column":26},"end":{"line":12,"column":34}},"type":"binary-expr","locations":[{"start":{"line":12,"column":26},"end":{"line":12,"column":46}},{"start":{"line":12,"column":26},"end":{"line":12,"column":34}}]},"62":{"loc":{"start":{"line":12,"column":34},"end":{"line":13,"column":null}},"type":"cond-expr","locations":[{"start":{"line":13,"column":42},"end":{"line":13,"column":null}},{"start":{"line":13,"column":42},"end":{"line":13,"column":null}}]},"63":{"loc":{"start":{"line":12,"column":34},"end":{"line":13,"column":42}},"type":"binary-expr","locations":[{"start":{"line":12,"column":34},"end":{"line":13,"column":null}},{"start":{"line":13,"column":29},"end":{"line":13,"column":42}}]},"64":{"loc":{"start":{"line":13,"column":42},"end":{"line":14,"column":null}},"type":"cond-expr","locations":[{"start":{"line":14,"column":55},"end":{"line":14,"column":null}},{"start":{"line":14,"column":55},"end":{"line":14,"column":null}}]},"65":{"loc":{"start":{"line":13,"column":42},"end":{"line":14,"column":55}},"type":"binary-expr","locations":[{"start":{"line":13,"column":42},"end":{"line":14,"column":null}},{"start":{"line":14,"column":39},"end":{"line":14,"column":55}}]},"66":{"loc":{"start":{"line":14,"column":55},"end":{"line":15,"column":null}},"type":"cond-expr","locations":[{"start":{"line":15,"column":53},"end":{"line":15,"column":null}},{"start":{"line":15,"column":53},"end":{"line":15,"column":null}}]},"67":{"loc":{"start":{"line":14,"column":55},"end":{"line":15,"column":53}},"type":"binary-expr","locations":[{"start":{"line":14,"column":55},"end":{"line":15,"column":null}},{"start":{"line":15,"column":38},"end":{"line":15,"column":53}}]}},"s":{"0":1,"1":1,"2":1,"3":1,"4":1,"5":1,"6":35,"7":35,"8":35,"9":35,"10":2,"11":2,"12":0,"13":2,"14":2,"15":1,"16":2,"17":2,"18":18,"19":18,"20":6,"21":12,"22":3,"23":9,"24":3,"25":6,"26":6,"27":1,"28":1,"29":1,"30":1,"31":1,"32":1,"33":1,"34":6,"35":6,"36":1,"37":1,"38":5,"39":5,"40":5,"41":2,"42":5,"43":5,"44":2,"45":2,"46":3,"47":5,"48":1,"49":4,"50":3,"51":3,"52":1,"53":1,"54":2,"55":2,"56":2,"57":3,"58":3,"59":3,"60":3,"61":3,"62":2,"63":2,"64":3,"65":3,"66":0,"67":3,"68":3,"69":1,"70":1,"71":2,"72":2,"73":5,"74":5,"75":5,"76":5,"77":2,"78":6,"79":6,"80":6,"81":6,"82":6,"83":2,"84":2,"85":4,"86":4,"87":1,"88":1,"89":3,"90":3,"91":3,"92":3,"93":3,"94":3,"95":1,"96":1,"97":2,"98":2,"99":2,"100":2,"101":1,"102":1,"103":1,"104":1,"105":1,"106":1,"107":1,"108":1,"109":1,"110":1,"111":5,"112":5,"113":0,"114":5,"115":5,"116":5,"117":2,"118":5,"119":2,"120":3,"121":5,"122":5,"123":5,"124":3,"125":3,"126":3,"127":3,"128":3,"129":3,"130":3,"131":3,"132":1,"133":2,"134":5,"135":5,"136":0,"137":5,"138":5,"139":5,"140":5,"141":5,"142":5,"143":3,"144":2,"145":2,"146":5,"147":5,"148":5,"149":5,"150":3,"151":5,"152":5,"153":3,"154":3,"155":2,"156":5,"157":5,"158":1,"159":4,"160":3,"161":3,"162":1,"163":1,"164":2,"165":2,"166":0,"167":2,"168":2,"169":1,"170":1,"171":1,"172":1,"173":2,"174":1,"175":1,"176":1,"177":1,"178":1,"179":1,"180":1,"181":1,"182":1,"183":1,"184":1,"185":1},"f":{"0":35,"1":2,"2":18,"3":1,"4":6,"5":2,"6":3,"7":3,"8":6,"9":1,"10":5,"11":2,"12":3,"13":5,"14":5,"15":2,"16":3,"17":3,"18":1},"b":{"0":[0,2],"1":[1,1],"2":[6,12],"3":[3,9],"4":[3,6],"5":[6,0],"6":[1,0],"7":[1,5],"8":[5,2],"9":[2,3],"10":[1,4],"11":[3,0],"12":[1,2],"13":[3,0],"14":[0,3],"15":[1,2],"16":[3,3],"17":[6,0],"18":[2,4],"19":[6,5],"20":[1,3],"21":[1,2],"22":[3,3],"23":[1,0],"24":[0,5],"25":[5,5],"26":[5,0],"27":[2,3],"28":[3,2],"29":[5,3],"30":[3,0],"31":[3,0],"32":[1,2],"33":[0,5],"34":[5,5],"35":[5,0],"36":[5,0],"37":[3,2],"38":[5,0],"39":[5,5],"40":[3,2],"41":[1,4],"42":[3,0],"43":[1,2],"44":[0,2],"45":[1,1],"46":[1,0],"47":[1,1],"48":[1,0],"49":[1,1],"50":[1,0],"51":[1,1],"52":[1,0],"53":[1,1],"54":[1,0],"55":[1,1],"56":[1,0],"57":[1,1],"58":[1,0],"59":[1,1],"60":[1,0],"61":[1,1],"62":[1,0],"63":[1,1],"64":[1,0],"65":[1,1],"66":[1,0],"67":[1,1]}}
,"/home/rahunak/Documents/eugene/AI_agents/telegram-veggie-bot/src/common/middleware/session.middleware.ts": {"path":"/home/rahunak/Documents/eugene/AI_agents/telegram-veggie-bot/src/common/middleware/session.middleware.ts","statementMap":{"0":{"start":{"line":1,"column":0},"end":{"line":1,"column":44}},"1":{"start":{"line":2,"column":0},"end":{"line":2,"column":60}},"2":{"start":{"line":6,"column":7},"end":{"line":52,"column":null}},"3":{"start":{"line":7,"column":31},"end":{"line":7,"column":39}},"4":{"start":{"line":10,"column":4},"end":{"line":50,"column":6}},"5":{"start":{"line":11,"column":25},"end":{"line":11,"column":48}},"6":{"start":{"line":13,"column":6},"end":{"line":15,"column":7}},"7":{"start":{"line":14,"column":8},"end":{"line":14,"column":22}},"8":{"start":{"line":17,"column":26},"end":{"line":19,"column":8}},"9":{"start":{"line":21,"column":6},"end":{"line":38,"column":7}},"10":{"start":{"line":22,"column":8},"end":{"line":37,"column":9}},"11":{"start":{"line":23,"column":10},"end":{"line":28,"column":13}},"12":{"start":{"line":30,"column":10},"end":{"line":36,"column":11}},"13":{"start":{"line":31,"column":12},"end":{"line":33,"column":15}},"14":{"start":{"line":35,"column":12},"end":{"line":35,"column":24}},"15":{"start":{"line":40,"column":6},"end":{"line":40,"column":70}},"16":{"start":{"line":42,"column":6},"end":{"line":42,"column":19}},"17":{"start":{"line":44,"column":6},"end":{"line":49,"column":9}},"18":{"start":{"line":6,"column":13},"end":{"line":6,"column":30}},"19":{"start":{"line":6,"column":13},"end":{"line":52,"column":null}}},"fnMap":{"0":{"name":"(anonymous_2)","decl":{"start":{"line":7,"column":2},"end":{"line":7,"column":31}},"loc":{"start":{"line":7,"column":52},"end":{"line":7,"column":56}}},"1":{"name":"(anonymous_3)","decl":{"start":{"line":9,"column":2},"end":{"line":9,"column":12}},"loc":{"start":{"line":9,"column":12},"end":{"line":51,"column":3}}},"2":{"name":"(anonymous_4)","decl":{"start":{"line":10,"column":11},"end":{"line":10,"column":16}},"loc":{"start":{"line":10,"column":79},"end":{"line":50,"column":5}}}},"branchMap":{"0":{"loc":{"start":{"line":13,"column":6},"end":{"line":15,"column":7}},"type":"if","locations":[{"start":{"line":13,"column":6},"end":{"line":15,"column":7}},{"start":{},"end":{}}]},"1":{"loc":{"start":{"line":21,"column":6},"end":{"line":38,"column":7}},"type":"if","locations":[{"start":{"line":21,"column":6},"end":{"line":38,"column":7}},{"start":{},"end":{}}]},"2":{"loc":{"start":{"line":30,"column":10},"end":{"line":36,"column":11}},"type":"if","locations":[{"start":{"line":30,"column":10},"end":{"line":36,"column":11}},{"start":{"line":34,"column":17},"end":{"line":36,"column":11}}]},"3":{"loc":{"start":{"line":40,"column":21},"end":{"line":40,"column":69}},"type":"binary-expr","locations":[{"start":{"line":40,"column":21},"end":{"line":40,"column":63}},{"start":{"line":40,"column":67},"end":{"line":40,"column":69}}]},"4":{"loc":{"start":{"line":7,"column":39},"end":{"line":7,"column":55}},"type":"cond-expr","locations":[{"start":{"line":7,"column":52},"end":{"line":7,"column":55}},{"start":{"line":7,"column":52},"end":{"line":7,"column":55}}]},"5":{"loc":{"start":{"line":7,"column":39},"end":{"line":7,"column":52}},"type":"binary-expr","locations":[{"start":{"line":7,"column":39},"end":{"line":7,"column":55}},{"start":{"line":7,"column":39},"end":{"line":7,"column":52}}]}},"s":{"0":1,"1":1,"2":1,"3":6,"4":6,"5":6,"6":6,"7":1,"8":5,"9":5,"10":2,"11":2,"12":1,"13":1,"14":0,"15":5,"16":5,"17":5,"18":1,"19":1},"f":{"0":6,"1":6,"2":6},"b":{"0":[1,5],"1":[2,3],"2":[1,0],"3":[5,0],"4":[1,0],"5":[1,1]}}
,"/home/rahunak/Documents/eugene/AI_agents/telegram-veggie-bot/src/common/middleware/session.module.ts": {"path":"/home/rahunak/Documents/eugene/AI_agents/telegram-veggie-bot/src/common/middleware/session.module.ts","statementMap":{"0":{"start":{"line":1,"column":0},"end":{"line":1,"column":48}},"1":{"start":{"line":2,"column":0},"end":{"line":2,"column":57}},"2":{"start":{"line":9,"column":7},"end":{"line":9,"column":null}},"3":{"start":{"line":9,"column":13},"end":{"line":9,"column":26}},"4":{"start":{"line":9,"column":13},"end":{"line":9,"column":null}}},"fnMap":{},"branchMap":{},"s":{"0":0,"1":0,"2":0,"3":0,"4":0},"f":{},"b":{}}
,"/home/rahunak/Documents/eugene/AI_agents/telegram-veggie-bot/src/common/services/bot-launcher.service.ts": {"path":"/home/rahunak/Documents/eugene/AI_agents/telegram-veggie-bot/src/common/services/bot-launcher.service.ts","statementMap":{"0":{"start":{"line":1,"column":0},"end":{"line":1,"column":58}},"1":{"start":{"line":2,"column":0},"end":{"line":2,"column":44}},"2":{"start":{"line":3,"column":0},"end":{"line":3,"column":36}},"3":{"start":{"line":7,"column":7},"end":{"line":45,"column":null}},"4":{"start":{"line":10,"column":21},"end":{"line":10,"column":32}},"5":{"start":{"line":12,"column":21},"end":{"line":12,"column":31}},"6":{"start":{"line":16,"column":4},"end":{"line":16,"column":52}},"7":{"start":{"line":19,"column":4},"end":{"line":25,"column":7}},"8":{"start":{"line":22,"column":6},"end":{"line":22,"column":53}},"9":{"start":{"line":24,"column":6},"end":{"line":24,"column":58}},"10":{"start":{"line":27,"column":4},"end":{"line":33,"column":7}},"11":{"start":{"line":30,"column":6},"end":{"line":30,"column":52}},"12":{"start":{"line":32,"column":6},"end":{"line":32,"column":57}},"13":{"start":{"line":36,"column":4},"end":{"line":39,"column":7}},"14":{"start":{"line":37,"column":6},"end":{"line":37,"column":36}},"15":{"start":{"line":38,"column":6},"end":{"line":38,"column":35}},"16":{"start":{"line":40,"column":4},"end":{"line":43,"column":7}},"17":{"start":{"line":41,"column":6},"end":{"line":41,"column":37}},"18":{"start":{"line":42,"column":6},"end":{"line":42,"column":36}},"19":{"start":{"line":7,"column":13},"end":{"line":7,"column":31}},"20":{"start":{"line":7,"column":13},"end":{"line":45,"column":null}}},"fnMap":{"0":{"name":"(anonymous_4)","decl":{"start":{"line":8,"column":2},"end":{"line":8,"column":null}},"loc":{"start":{"line":12,"column":51},"end":{"line":13,"column":6}}},"1":{"name":"(anonymous_5)","decl":{"start":{"line":15,"column":2},"end":{"line":15,"column":7}},"loc":{"start":{"line":15,"column":20},"end":{"line":44,"column":3}}},"2":{"name":"(anonymous_6)","decl":{"start":{"line":21,"column":12},"end":{"line":21,"column":15}},"loc":{"start":{"line":21,"column":17},"end":{"line":23,"column":5}}},"3":{"name":"(anonymous_7)","decl":{"start":{"line":23,"column":13},"end":{"line":23,"column":14}},"loc":{"start":{"line":23,"column":23},"end":{"line":25,"column":5}}},"4":{"name":"(anonymous_8)","decl":{"start":{"line":29,"column":12},"end":{"line":29,"column":15}},"loc":{"start":{"line":29,"column":17},"end":{"line":31,"column":5}}},"5":{"name":"(anonymous_9)","decl":{"start":{"line":31,"column":13},"end":{"line":31,"column":14}},"loc":{"start":{"line":31,"column":23},"end":{"line":33,"column":5}}},"6":{"name":"(anonymous_10)","decl":{"start":{"line":36,"column":27},"end":{"line":36,"column":30}},"loc":{"start":{"line":36,"column":32},"end":{"line":39,"column":5}}},"7":{"name":"(anonymous_11)","decl":{"start":{"line":40,"column":28},"end":{"line":40,"column":31}},"loc":{"start":{"line":40,"column":33},"end":{"line":43,"column":5}}}},"branchMap":{"0":{"loc":{"start":{"line":10,"column":32},"end":{"line":10,"column":52}},"type":"cond-expr","locations":[{"start":{"line":10,"column":40},"end":{"line":10,"column":52}},{"start":{"line":10,"column":40},"end":{"line":10,"column":52}}]},"1":{"loc":{"start":{"line":10,"column":32},"end":{"line":10,"column":40}},"type":"binary-expr","locations":[{"start":{"line":10,"column":32},"end":{"line":10,"column":52}},{"start":{"line":10,"column":32},"end":{"line":10,"column":40}}]},"2":{"loc":{"start":{"line":10,"column":40},"end":{"line":12,"column":51}},"type":"cond-expr","locations":[{"start":{"line":12,"column":39},"end":{"line":12,"column":51}},{"start":{"line":12,"column":39},"end":{"line":12,"column":51}}]},"3":{"loc":{"start":{"line":10,"column":40},"end":{"line":12,"column":39}},"type":"binary-expr","locations":[{"start":{"line":10,"column":40},"end":{"line":12,"column":51}},{"start":{"line":12,"column":31},"end":{"line":12,"column":39}}]}},"s":{"0":1,"1":1,"2":1,"3":1,"4":6,"5":6,"6":6,"7":6,"8":5,"9":1,"10":6,"11":5,"12":1,"13":6,"14":1,"15":1,"16":6,"17":1,"18":1,"19":1,"20":1},"f":{"0":6,"1":6,"2":5,"3":1,"4":5,"5":1,"6":1,"7":1},"b":{"0":[1,0],"1":[1,1],"2":[1,0],"3":[1,1]}}
,"/home/rahunak/Documents/eugene/AI_agents/telegram-veggie-bot/src/prisma/prisma.module.ts": {"path":"/home/rahunak/Documents/eugene/AI_agents/telegram-veggie-bot/src/prisma/prisma.module.ts","statementMap":{"0":{"start":{"line":1,"column":0},"end":{"line":1,"column":48}},"1":{"start":{"line":2,"column":0},"end":{"line":2,"column":49}},"2":{"start":{"line":9,"column":7},"end":{"line":9,"column":null}},"3":{"start":{"line":9,"column":13},"end":{"line":9,"column":25}},"4":{"start":{"line":9,"column":13},"end":{"line":9,"column":null}}},"fnMap":{},"branchMap":{},"s":{"0":0,"1":0,"2":0,"3":0,"4":0},"f":{},"b":{}}
,"/home/rahunak/Documents/eugene/AI_agents/telegram-veggie-bot/src/prisma/prisma.service.ts": {"path":"/home/rahunak/Documents/eugene/AI_agents/telegram-veggie-bot/src/prisma/prisma.service.ts","statementMap":{"0":{"start":{"line":1,"column":0},"end":{"line":1,"column":75}},"1":{"start":{"line":2,"column":0},"end":{"line":2,"column":46}},"2":{"start":{"line":3,"column":0},"end":{"line":3,"column":46}},"3":{"start":{"line":4,"column":0},"end":{"line":4,"column":26}},"4":{"start":{"line":7,"column":7},"end":{"line":23,"column":null}},"5":{"start":{"line":9,"column":29},"end":{"line":9,"column":53}},"6":{"start":{"line":10,"column":17},"end":{"line":10,"column":47}},"7":{"start":{"line":11,"column":20},"end":{"line":11,"column":38}},"8":{"start":{"line":13,"column":4},"end":{"line":13,"column":23}},"9":{"start":{"line":17,"column":4},"end":{"line":17,"column":26}},"10":{"start":{"line":21,"column":4},"end":{"line":21,"column":29}},"11":{"start":{"line":7,"column":13},"end":{"line":7,"column":26}},"12":{"start":{"line":7,"column":13},"end":{"line":23,"column":null}}},"fnMap":{"0":{"name":"(anonymous_2)","decl":{"start":{"line":8,"column":2},"end":{"line":8,"column":null}},"loc":{"start":{"line":8,"column":2},"end":{"line":14,"column":3}}},"1":{"name":"(anonymous_3)","decl":{"start":{"line":16,"column":2},"end":{"line":16,"column":7}},"loc":{"start":{"line":16,"column":20},"end":{"line":18,"column":3}}},"2":{"name":"(anonymous_4)","decl":{"start":{"line":20,"column":2},"end":{"line":20,"column":7}},"loc":{"start":{"line":20,"column":23},"end":{"line":22,"column":3}}}},"branchMap":{},"s":{"0":5,"1":5,"2":5,"3":5,"4":5,"5":7,"6":7,"7":7,"8":7,"9":1,"10":1,"11":5,"12":5},"f":{"0":7,"1":1,"2":1},"b":{}}
}
