TN:
SF:src/app.controller.ts
FN:6,(anonymous_2)
FN:9,(anonymous_3)
FNF:2
FNH:2
FNDA:1,(anonymous_2)
FNDA:1,(anonymous_3)
DA:1,1
DA:2,1
DA:5,1
DA:6,1
DA:9,1
DA:10,1
LF:6
LH:6
BRDA:6,0,0,1
BRDA:6,0,1,0
BRDA:6,1,0,1
BRDA:6,1,1,1
BRF:4
BRH:3
end_of_record
TN:
SF:src/app.module.ts
FN:18,(anonymous_1)
FN:28,(anonymous_2)
FNF:2
FNH:0
FNDA:0,(anonymous_1)
FNDA:0,(anonymous_2)
DA:1,0
DA:2,0
DA:3,0
DA:4,0
DA:5,0
DA:6,0
DA:7,0
DA:8,0
DA:9,0
DA:18,0
DA:28,0
DA:41,0
LF:12
LH:0
BRDA:19,0,0,0
BRDA:19,0,1,0
BRDA:29,1,0,0
BRDA:29,1,1,0
BRF:4
BRH:0
end_of_record
TN:
SF:src/app.service.ts
FN:5,(anonymous_1)
FNF:1
FNH:1
FNDA:1,(anonymous_1)
DA:1,1
DA:4,1
DA:6,1
LF:3
LH:3
BRF:0
BRH:0
end_of_record
TN:
SF:src/main.ts
FN:4,bootstrap
FNF:1
FNH:0
FNDA:0,bootstrap
DA:1,0
DA:2,0
DA:5,0
DA:6,0
DA:8,0
LF:5
LH:0
BRDA:6,0,0,0
BRDA:6,0,1,0
BRF:2
BRH:0
end_of_record
TN:
SF:src/admin-bot/admin-bot.module.ts
FN:7,(anonymous_1)
FNF:1
FNH:0
FNDA:0,(anonymous_1)
DA:1,0
DA:2,0
DA:3,0
DA:4,0
DA:7,0
DA:11,0
LF:6
LH:0
BRF:0
BRH:0
end_of_record
TN:
SF:src/admin-bot/admin-bot.service.ts
FN:9,(anonymous_4)
FN:15,(anonymous_5)
FN:62,(anonymous_6)
FNF:3
FNH:2
FNDA:6,(anonymous_4)
FNDA:6,(anonymous_5)
FNDA:0,(anonymous_6)
DA:1,3
DA:2,3
DA:3,3
DA:5,3
DA:8,3
DA:11,6
DA:12,6
DA:16,6
DA:28,6
DA:30,5
DA:34,5
DA:35,5
DA:36,5
DA:37,5
DA:38,5
DA:40,5
DA:41,3
DA:44,5
DA:46,5
DA:53,5
DA:54,5
DA:55,5
DA:57,1
DA:63,0
LF:24
LH:23
BRDA:28,0,0,1
BRDA:28,0,1,5
BRDA:35,1,0,5
BRDA:35,1,1,0
BRDA:36,2,0,5
BRDA:36,2,1,3
BRDA:11,3,0,3
BRDA:11,3,1,0
BRDA:11,4,0,3
BRDA:11,4,1,3
BRDA:11,5,0,3
BRDA:11,5,1,0
BRDA:11,6,0,3
BRDA:11,6,1,3
BRF:14
BRH:11
end_of_record
TN:
SF:src/admin-bot/admin-bot.update.ts
FN:12,(anonymous_4)
FN:14,(anonymous_5)
FN:30,(anonymous_6)
FN:39,(anonymous_7)
FN:74,(anonymous_8)
FN:109,(anonymous_9)
FN:149,(anonymous_10)
FN:198,(anonymous_11)
FN:210,(anonymous_12)
FN:284,(anonymous_13)
FN:306,(anonymous_14)
FN:347,(anonymous_15)
FN:384,(anonymous_16)
FN:419,(anonymous_17)
FN:474,(anonymous_18)
FN:509,(anonymous_19)
FN:530,(anonymous_20)
FN:551,(anonymous_21)
FN:572,(anonymous_22)
FN:593,(anonymous_23)
FN:598,(anonymous_24)
FN:603,(anonymous_25)
FN:629,(anonymous_26)
FN:654,(anonymous_27)
FN:690,(anonymous_28)
FNF:25
FNH:21
FNDA:0,(anonymous_4)
FNDA:0,(anonymous_5)
FNDA:44,(anonymous_6)
FNDA:3,(anonymous_7)
FNDA:3,(anonymous_8)
FNDA:22,(anonymous_9)
FNDA:5,(anonymous_10)
FNDA:1,(anonymous_11)
FNDA:7,(anonymous_12)
FNDA:2,(anonymous_13)
FNDA:2,(anonymous_14)
FNDA:2,(anonymous_15)
FNDA:2,(anonymous_16)
FNDA:0,(anonymous_17)
FNDA:0,(anonymous_18)
FNDA:3,(anonymous_19)
FNDA:2,(anonymous_20)
FNDA:2,(anonymous_21)
FNDA:3,(anonymous_22)
FNDA:1,(anonymous_23)
FNDA:1,(anonymous_24)
FNDA:2,(anonymous_25)
FNDA:2,(anonymous_26)
FNDA:4,(anonymous_27)
FNDA:2,(anonymous_28)
DA:1,1
DA:2,1
DA:3,1
DA:5,1
DA:6,1
DA:7,1
DA:11,1
DA:12,0
DA:15,0
DA:16,0
DA:18,0
DA:20,0
DA:24,0
DA:29,1
DA:32,44
DA:33,44
DA:34,44
DA:35,44
DA:39,1
DA:40,3
DA:41,3
DA:43,3
DA:48,3
DA:49,1
DA:58,3
DA:59,1
DA:60,1
DA:63,2
DA:74,1
DA:75,3
DA:76,3
DA:78,3
DA:82,3
DA:83,1
DA:84,1
DA:87,2
DA:91,2
DA:92,1
DA:93,1
DA:96,1
DA:98,1
DA:99,2
DA:100,2
DA:101,2
DA:102,2
DA:105,1
DA:109,1
DA:110,22
DA:111,22
DA:113,22
DA:117,22
DA:118,1
DA:119,1
DA:122,21
DA:125,21
DA:126,7
DA:127,7
DA:131,14
DA:132,5
DA:133,5
DA:136,9
DA:137,2
DA:138,7
DA:139,2
DA:140,5
DA:141,2
DA:142,3
DA:143,1
DA:144,2
DA:145,2
DA:150,5
DA:151,5
DA:153,5
DA:155,5
DA:159,5
DA:160,1
DA:161,1
DA:162,1
DA:163,1
DA:166,4
DA:167,2
DA:168,2
DA:169,1
DA:170,1
DA:173,1
DA:178,1
DA:179,2
DA:180,2
DA:181,2
DA:182,1
DA:183,1
DA:186,1
DA:191,1
DA:194,2
DA:195,2
DA:199,1
DA:203,1
DA:211,7
DA:212,1
DA:213,1
DA:221,1
DA:224,6
DA:225,6
DA:227,6
DA:228,2
DA:229,1
DA:230,1
DA:233,1
DA:234,1
DA:236,1
DA:237,4
DA:238,2
DA:239,2
DA:240,1
DA:241,1
DA:244,1
DA:245,1
DA:247,1
DA:248,2
DA:249,2
DA:250,2
DA:251,1
DA:252,1
DA:255,1
DA:258,1
DA:267,1
DA:269,1
DA:285,2
DA:289,2
DA:290,1
DA:291,1
DA:294,1
DA:296,1
DA:297,1
DA:298,1
DA:299,1
DA:300,1
DA:303,1
DA:307,2
DA:321,2
DA:322,1
DA:323,1
DA:326,1
DA:327,1
DA:328,1
DA:329,1
DA:330,1
DA:331,1
DA:333,1
DA:334,1
DA:337,1
DA:339,1
DA:343,1
DA:348,2
DA:362,2
DA:363,1
DA:364,1
DA:367,1
DA:368,1
DA:369,1
DA:370,1
DA:371,1
DA:372,1
DA:374,1
DA:375,1
DA:378,1
DA:380,1
DA:385,2
DA:389,2
DA:390,1
DA:391,1
DA:394,1
DA:396,1
DA:397,1
DA:398,1
DA:399,1
DA:400,1
DA:402,1
DA:415,1
DA:420,0
DA:437,0
DA:438,0
DA:439,0
DA:442,0
DA:443,0
DA:444,0
DA:445,0
DA:446,0
DA:447,0
DA:448,0
DA:450,0
DA:451,0
DA:454,0
DA:456,0
DA:458,0
DA:459,0
DA:463,0
DA:464,0
DA:470,0
DA:475,0
DA:479,0
DA:480,0
DA:481,0
DA:484,0
DA:485,0
DA:486,0
DA:487,0
DA:488,0
DA:489,0
DA:491,0
DA:504,0
DA:509,1
DA:510,3
DA:511,3
DA:513,3
DA:514,3
DA:516,3
DA:520,3
DA:521,1
DA:522,1
DA:525,2
DA:526,2
DA:530,1
DA:531,2
DA:532,2
DA:534,2
DA:535,2
DA:537,2
DA:541,2
DA:542,1
DA:543,1
DA:546,1
DA:547,1
DA:551,1
DA:552,2
DA:553,2
DA:555,2
DA:556,2
DA:558,2
DA:562,2
DA:563,1
DA:564,1
DA:567,1
DA:568,1
DA:572,1
DA:573,3
DA:574,3
DA:576,3
DA:577,3
DA:579,3
DA:583,3
DA:584,1
DA:585,1
DA:588,2
DA:589,2
DA:593,1
DA:594,1
DA:598,1
DA:599,1
DA:603,1
DA:604,2
DA:605,2
DA:607,2
DA:608,2
DA:610,2
DA:614,2
DA:615,1
DA:616,1
DA:619,1
DA:621,1
DA:622,1
DA:624,1
DA:625,1
DA:629,1
DA:630,2
DA:631,2
DA:633,2
DA:634,2
DA:636,2
DA:640,2
DA:641,1
DA:642,1
DA:645,1
DA:647,1
DA:648,1
DA:650,1
DA:651,1
DA:659,4
DA:664,4
DA:665,1
DA:666,1
DA:669,3
DA:674,3
DA:680,3
DA:681,3
DA:683,3
DA:691,2
DA:695,2
DA:696,1
DA:697,1
DA:700,1
DA:705,1
LF:302
LH:264
BRDA:18,0,0,0
BRDA:18,0,1,0
BRDA:12,1,0,1
BRDA:12,1,1,0
BRDA:12,2,0,1
BRDA:12,2,1,1
BRDA:41,3,0,0
BRDA:41,3,1,3
BRDA:48,4,0,1
BRDA:48,4,1,2
BRDA:58,5,0,1
BRDA:58,5,1,2
BRDA:76,6,0,0
BRDA:76,6,1,3
BRDA:82,7,0,1
BRDA:82,7,1,2
BRDA:82,8,0,3
BRDA:82,8,1,3
BRDA:91,9,0,1
BRDA:91,9,1,1
BRDA:99,10,0,1
BRDA:99,10,1,1
BRDA:111,11,0,0
BRDA:111,11,1,22
BRDA:117,12,0,1
BRDA:117,12,1,21
BRDA:117,13,0,22
BRDA:117,13,1,22
BRDA:125,14,0,7
BRDA:125,14,1,14
BRDA:131,15,0,5
BRDA:131,15,1,9
BRDA:131,16,0,14
BRDA:131,16,1,5
BRDA:136,17,0,2
BRDA:136,17,1,7
BRDA:138,18,0,2
BRDA:138,18,1,5
BRDA:140,19,0,2
BRDA:140,19,1,3
BRDA:142,20,0,1
BRDA:142,20,1,2
BRDA:144,21,0,2
BRDA:144,21,1,0
BRDA:153,22,0,0
BRDA:153,22,1,5
BRDA:153,23,0,5
BRDA:153,23,1,5
BRDA:159,24,0,1
BRDA:159,24,1,4
BRDA:166,25,0,2
BRDA:166,25,1,2
BRDA:168,26,0,1
BRDA:168,26,1,1
BRDA:168,27,0,2
BRDA:168,27,1,1
BRDA:179,28,0,2
BRDA:179,28,1,0
BRDA:181,29,0,1
BRDA:181,29,1,1
BRDA:181,30,0,2
BRDA:181,30,1,2
BRDA:211,31,0,1
BRDA:211,31,1,6
BRDA:225,32,0,0
BRDA:225,32,1,6
BRDA:227,33,0,2
BRDA:227,33,1,4
BRDA:228,34,0,1
BRDA:228,34,1,1
BRDA:237,35,0,2
BRDA:237,35,1,2
BRDA:239,36,0,1
BRDA:239,36,1,1
BRDA:239,37,0,2
BRDA:239,37,1,2
BRDA:248,38,0,2
BRDA:248,38,1,0
BRDA:250,39,0,1
BRDA:250,39,1,1
BRDA:250,40,0,2
BRDA:250,40,1,2
BRDA:289,41,0,1
BRDA:289,41,1,1
BRDA:297,42,0,1
BRDA:297,42,1,0
BRDA:321,43,0,1
BRDA:321,43,1,1
BRDA:328,44,0,1
BRDA:328,44,1,0
BRDA:329,45,0,1
BRDA:329,45,1,0
BRDA:362,46,0,1
BRDA:362,46,1,1
BRDA:369,47,0,1
BRDA:369,47,1,0
BRDA:370,48,0,1
BRDA:370,48,1,0
BRDA:389,49,0,1
BRDA:389,49,1,1
BRDA:397,50,0,1
BRDA:397,50,1,0
BRDA:409,51,0,1
BRDA:409,51,1,0
BRDA:437,52,0,0
BRDA:437,52,1,0
BRDA:445,53,0,0
BRDA:445,53,1,0
BRDA:446,54,0,0
BRDA:446,54,1,0
BRDA:458,55,0,0
BRDA:458,55,1,0
BRDA:463,56,0,0
BRDA:463,56,1,0
BRDA:479,57,0,0
BRDA:479,57,1,0
BRDA:485,58,0,0
BRDA:485,58,1,0
BRDA:498,59,0,0
BRDA:498,59,1,0
BRDA:511,60,0,0
BRDA:511,60,1,3
BRDA:511,61,0,3
BRDA:511,61,1,3
BRDA:514,62,0,0
BRDA:514,62,1,3
BRDA:520,63,0,1
BRDA:520,63,1,2
BRDA:520,64,0,3
BRDA:520,64,1,3
BRDA:532,65,0,0
BRDA:532,65,1,2
BRDA:532,66,0,2
BRDA:532,66,1,2
BRDA:535,67,0,0
BRDA:535,67,1,2
BRDA:541,68,0,1
BRDA:541,68,1,1
BRDA:541,69,0,2
BRDA:541,69,1,2
BRDA:553,70,0,0
BRDA:553,70,1,2
BRDA:553,71,0,2
BRDA:553,71,1,2
BRDA:556,72,0,0
BRDA:556,72,1,2
BRDA:562,73,0,1
BRDA:562,73,1,1
BRDA:562,74,0,2
BRDA:562,74,1,2
BRDA:574,75,0,0
BRDA:574,75,1,3
BRDA:574,76,0,3
BRDA:574,76,1,3
BRDA:577,77,0,0
BRDA:577,77,1,3
BRDA:583,78,0,1
BRDA:583,78,1,2
BRDA:583,79,0,3
BRDA:583,79,1,3
BRDA:605,80,0,0
BRDA:605,80,1,2
BRDA:605,81,0,2
BRDA:605,81,1,2
BRDA:608,82,0,0
BRDA:608,82,1,2
BRDA:614,83,0,1
BRDA:614,83,1,1
BRDA:614,84,0,2
BRDA:614,84,1,2
BRDA:631,85,0,0
BRDA:631,85,1,2
BRDA:631,86,0,2
BRDA:631,86,1,2
BRDA:634,87,0,0
BRDA:634,87,1,2
BRDA:640,88,0,1
BRDA:640,88,1,1
BRDA:640,89,0,2
BRDA:640,89,1,2
BRDA:664,90,0,1
BRDA:664,90,1,3
BRDA:695,91,0,1
BRDA:695,91,1,1
BRDA:705,92,0,1
BRDA:705,92,1,0
BRDA:39,93,0,1
BRDA:39,93,1,0
BRDA:39,94,0,1
BRDA:39,94,1,1
BRDA:74,95,0,1
BRDA:74,95,1,0
BRDA:74,96,0,1
BRDA:74,96,1,1
BRDA:109,97,0,1
BRDA:109,97,1,0
BRDA:109,98,0,1
BRDA:109,98,1,1
BRDA:509,99,0,1
BRDA:509,99,1,0
BRDA:509,100,0,1
BRDA:509,100,1,1
BRDA:530,101,0,1
BRDA:530,101,1,0
BRDA:530,102,0,1
BRDA:530,102,1,1
BRDA:551,103,0,1
BRDA:551,103,1,0
BRDA:551,104,0,1
BRDA:551,104,1,1
BRDA:572,105,0,1
BRDA:572,105,1,0
BRDA:572,106,0,1
BRDA:572,106,1,1
BRDA:593,107,0,1
BRDA:593,107,1,0
BRDA:593,108,0,1
BRDA:593,108,1,1
BRDA:598,109,0,1
BRDA:598,109,1,0
BRDA:598,110,0,1
BRDA:598,110,1,1
BRDA:603,111,0,1
BRDA:603,111,1,0
BRDA:603,112,0,1
BRDA:603,112,1,1
BRDA:629,113,0,1
BRDA:629,113,1,0
BRDA:629,114,0,1
BRDA:629,114,1,1
BRDA:32,115,0,1
BRDA:32,115,1,0
BRDA:32,116,0,1
BRDA:32,116,1,1
BRDA:32,117,0,1
BRDA:32,117,1,0
BRDA:32,118,0,1
BRDA:32,118,1,1
BRDA:33,119,0,1
BRDA:33,119,1,0
BRDA:33,120,0,1
BRDA:33,120,1,1
BRDA:34,121,0,1
BRDA:34,121,1,0
BRDA:34,122,0,1
BRDA:34,122,1,1
BRF:246
BRH:184
end_of_record
TN:
SF:src/client-bot/client-bot.module.ts
FN:7,(anonymous_1)
FNF:1
FNH:0
FNDA:0,(anonymous_1)
DA:1,0
DA:2,0
DA:3,0
DA:4,0
DA:7,0
DA:11,0
LF:6
LH:0
BRF:0
BRH:0
end_of_record
TN:
SF:src/client-bot/client-bot.service.ts
FN:8,(anonymous_4)
FN:13,(anonymous_5)
FN:17,(anonymous_6)
FN:24,(anonymous_7)
FNF:4
FNH:4
FNDA:7,(anonymous_4)
FNDA:7,(anonymous_5)
FNDA:2,(anonymous_6)
FNDA:4,(anonymous_7)
DA:1,3
DA:2,3
DA:3,3
DA:7,3
DA:10,7
DA:14,7
DA:18,2
DA:25,4
DA:31,4
LF:9
LH:9
BRDA:25,0,0,4
BRDA:25,0,1,1
BRDA:10,1,0,3
BRDA:10,1,1,0
BRDA:10,2,0,3
BRDA:10,2,1,3
BRF:6
BRH:5
end_of_record
TN:
SF:src/client-bot/client-bot.update.ts
FN:10,(anonymous_4)
FN:19,(anonymous_5)
FN:49,(anonymous_6)
FN:64,(anonymous_7)
FN:83,(anonymous_8)
FN:96,(anonymous_9)
FN:124,(anonymous_10)
FN:158,(anonymous_11)
FN:195,(anonymous_12)
FN:240,(anonymous_13)
FN:286,(anonymous_14)
FN:293,(anonymous_15)
FN:309,(anonymous_16)
FN:337,(anonymous_17)
FN:344,(anonymous_18)
FN:350,(anonymous_19)
FN:362,(anonymous_20)
FN:394,(anonymous_21)
FN:424,(anonymous_22)
FNF:19
FNH:19
FNDA:35,(anonymous_4)
FNDA:2,(anonymous_5)
FNDA:18,(anonymous_6)
FNDA:1,(anonymous_7)
FNDA:6,(anonymous_8)
FNDA:2,(anonymous_9)
FNDA:3,(anonymous_10)
FNDA:3,(anonymous_11)
FNDA:6,(anonymous_12)
FNDA:1,(anonymous_13)
FNDA:5,(anonymous_14)
FNDA:2,(anonymous_15)
FNDA:3,(anonymous_16)
FNDA:5,(anonymous_17)
FNDA:5,(anonymous_18)
FNDA:2,(anonymous_19)
FNDA:3,(anonymous_20)
FNDA:3,(anonymous_21)
FNDA:1,(anonymous_22)
DA:1,1
DA:2,1
DA:3,1
DA:5,1
DA:6,1
DA:9,1
DA:12,35
DA:13,35
DA:14,35
DA:15,35
DA:19,1
DA:20,2
DA:21,2
DA:23,2
DA:27,2
DA:28,1
DA:37,2
DA:39,2
DA:49,1
DA:50,18
DA:52,18
DA:53,6
DA:54,12
DA:55,3
DA:56,9
DA:57,3
DA:58,6
DA:59,6
DA:64,1
DA:65,1
DA:66,1
DA:68,1
DA:69,1
DA:70,1
DA:76,1
DA:77,1
DA:84,6
DA:88,6
DA:89,1
DA:90,1
DA:93,5
DA:95,5
DA:96,5
DA:99,5
DA:101,5
DA:102,2
DA:103,2
DA:111,3
DA:116,5
DA:117,1
DA:119,4
DA:125,3
DA:127,3
DA:128,1
DA:129,1
DA:132,2
DA:133,2
DA:135,2
DA:136,3
DA:140,3
DA:141,3
DA:142,3
DA:143,3
DA:147,2
DA:149,2
DA:159,3
DA:160,3
DA:162,3
DA:172,3
DA:173,1
DA:174,1
DA:177,2
DA:179,2
DA:180,5
DA:187,5
DA:188,5
DA:189,5
DA:192,2
DA:196,6
DA:197,6
DA:199,6
DA:200,6
DA:202,6
DA:203,2
DA:204,2
DA:207,4
DA:211,4
DA:212,1
DA:213,1
DA:216,3
DA:217,3
DA:218,3
DA:220,3
DA:221,3
DA:225,3
DA:226,1
DA:227,1
DA:230,2
DA:231,2
DA:233,2
DA:240,2
DA:241,1
DA:253,1
DA:254,1
DA:264,1
DA:267,1
DA:269,1
DA:270,1
DA:272,1
DA:280,1
DA:281,1
DA:286,1
DA:287,5
DA:288,5
DA:290,5
DA:291,5
DA:293,5
DA:295,5
DA:296,2
DA:298,3
DA:301,5
DA:304,5
DA:308,5
DA:309,3
DA:310,3
DA:312,3
DA:313,3
DA:316,3
DA:324,3
DA:325,3
DA:326,1
DA:328,2
DA:337,1
DA:338,5
DA:339,5
DA:341,5
DA:342,5
DA:344,5
DA:346,5
DA:347,5
DA:348,3
DA:350,2
DA:354,5
DA:357,5
DA:361,5
DA:362,5
DA:363,5
DA:366,5
DA:367,3
DA:368,3
DA:376,2
DA:381,5
DA:382,5
DA:383,1
DA:385,4
DA:394,1
DA:395,3
DA:397,3
DA:398,1
DA:399,1
DA:402,2
DA:403,2
DA:405,2
DA:409,2
DA:410,1
DA:411,1
DA:416,1
DA:417,1
DA:420,2
DA:424,1
DA:425,1
DA:426,1
DA:427,1
LF:173
LH:173
BRDA:21,0,0,0
BRDA:21,0,1,2
BRDA:27,1,0,1
BRDA:27,1,1,1
BRDA:52,2,0,6
BRDA:52,2,1,12
BRDA:54,3,0,3
BRDA:54,3,1,9
BRDA:56,4,0,3
BRDA:56,4,1,6
BRDA:58,5,0,6
BRDA:58,5,1,0
BRDA:69,6,0,1
BRDA:69,6,1,0
BRDA:88,7,0,1
BRDA:88,7,1,5
BRDA:93,8,0,5
BRDA:93,8,1,2
BRDA:101,9,0,2
BRDA:101,9,1,3
BRDA:116,10,0,1
BRDA:116,10,1,4
BRDA:125,11,0,3
BRDA:125,11,1,0
BRDA:127,12,0,1
BRDA:127,12,1,2
BRDA:140,13,0,3
BRDA:140,13,1,0
BRDA:160,14,0,0
BRDA:160,14,1,3
BRDA:172,15,0,1
BRDA:172,15,1,2
BRDA:172,16,0,3
BRDA:172,16,1,3
BRDA:199,17,0,6
BRDA:199,17,1,0
BRDA:202,18,0,2
BRDA:202,18,1,4
BRDA:202,19,0,6
BRDA:202,19,1,5
BRDA:211,20,0,1
BRDA:211,20,1,3
BRDA:225,21,0,1
BRDA:225,21,1,2
BRDA:225,22,0,3
BRDA:225,22,1,3
BRDA:226,23,0,1
BRDA:226,23,1,0
BRDA:288,24,0,0
BRDA:288,24,1,5
BRDA:288,25,0,5
BRDA:288,25,1,5
BRDA:291,26,0,5
BRDA:291,26,1,0
BRDA:295,27,0,2
BRDA:295,27,1,3
BRDA:308,28,0,3
BRDA:308,28,1,2
BRDA:308,29,0,5
BRDA:308,29,1,3
BRDA:312,30,0,3
BRDA:312,30,1,0
BRDA:319,31,0,3
BRDA:319,31,1,0
BRDA:325,32,0,1
BRDA:325,32,1,2
BRDA:339,33,0,0
BRDA:339,33,1,5
BRDA:339,34,0,5
BRDA:339,34,1,5
BRDA:342,35,0,5
BRDA:342,35,1,0
BRDA:346,36,0,5
BRDA:346,36,1,0
BRDA:347,37,0,3
BRDA:347,37,1,2
BRDA:361,38,0,5
BRDA:361,38,1,0
BRDA:361,39,0,5
BRDA:361,39,1,5
BRDA:366,40,0,3
BRDA:366,40,1,2
BRDA:382,41,0,1
BRDA:382,41,1,4
BRDA:395,42,0,3
BRDA:395,42,1,0
BRDA:397,43,0,1
BRDA:397,43,1,2
BRDA:403,44,0,0
BRDA:403,44,1,2
BRDA:409,45,0,1
BRDA:409,45,1,1
BRDA:19,46,0,1
BRDA:19,46,1,0
BRDA:19,47,0,1
BRDA:19,47,1,1
BRDA:49,48,0,1
BRDA:49,48,1,0
BRDA:49,49,0,1
BRDA:49,49,1,1
BRDA:64,50,0,1
BRDA:64,50,1,0
BRDA:64,51,0,1
BRDA:64,51,1,1
BRDA:286,52,0,1
BRDA:286,52,1,0
BRDA:286,53,0,1
BRDA:286,53,1,1
BRDA:337,54,0,1
BRDA:337,54,1,0
BRDA:337,55,0,1
BRDA:337,55,1,1
BRDA:394,56,0,1
BRDA:394,56,1,0
BRDA:394,57,0,1
BRDA:394,57,1,1
BRDA:424,58,0,1
BRDA:424,58,1,0
BRDA:424,59,0,1
BRDA:424,59,1,1
BRDA:12,60,0,1
BRDA:12,60,1,0
BRDA:12,61,0,1
BRDA:12,61,1,1
BRDA:12,62,0,1
BRDA:12,62,1,0
BRDA:12,63,0,1
BRDA:12,63,1,1
BRDA:13,64,0,1
BRDA:13,64,1,0
BRDA:13,65,0,1
BRDA:13,65,1,1
BRDA:14,66,0,1
BRDA:14,66,1,0
BRDA:14,67,0,1
BRDA:14,67,1,1
BRF:136
BRH:107
end_of_record
TN:
SF:src/common/middleware/session.middleware.ts
FN:7,(anonymous_2)
FN:9,(anonymous_3)
FN:10,(anonymous_4)
FNF:3
FNH:3
FNDA:6,(anonymous_2)
FNDA:6,(anonymous_3)
FNDA:6,(anonymous_4)
DA:1,1
DA:2,1
DA:6,1
DA:7,6
DA:10,6
DA:11,6
DA:13,6
DA:14,1
DA:17,5
DA:21,5
DA:22,2
DA:23,2
DA:30,1
DA:31,1
DA:35,0
DA:40,5
DA:42,5
DA:44,5
LF:18
LH:17
BRDA:13,0,0,1
BRDA:13,0,1,5
BRDA:21,1,0,2
BRDA:21,1,1,3
BRDA:30,2,0,1
BRDA:30,2,1,0
BRDA:40,3,0,5
BRDA:40,3,1,0
BRDA:7,4,0,1
BRDA:7,4,1,0
BRDA:7,5,0,1
BRDA:7,5,1,1
BRF:12
BRH:9
end_of_record
TN:
SF:src/common/middleware/session.module.ts
FNF:0
FNH:0
DA:1,0
DA:2,0
DA:9,0
LF:3
LH:0
BRF:0
BRH:0
end_of_record
TN:
SF:src/common/services/bot-launcher.service.ts
FN:8,(anonymous_4)
FN:15,(anonymous_5)
FN:21,(anonymous_6)
FN:23,(anonymous_7)
FN:29,(anonymous_8)
FN:31,(anonymous_9)
FN:36,(anonymous_10)
FN:40,(anonymous_11)
FNF:8
FNH:8
FNDA:6,(anonymous_4)
FNDA:6,(anonymous_5)
FNDA:5,(anonymous_6)
FNDA:1,(anonymous_7)
FNDA:5,(anonymous_8)
FNDA:1,(anonymous_9)
FNDA:1,(anonymous_10)
FNDA:1,(anonymous_11)
DA:1,1
DA:2,1
DA:3,1
DA:7,1
DA:10,6
DA:12,6
DA:16,6
DA:19,6
DA:22,5
DA:24,1
DA:27,6
DA:30,5
DA:32,1
DA:36,6
DA:37,1
DA:38,1
DA:40,6
DA:41,1
DA:42,1
LF:19
LH:19
BRDA:10,0,0,1
BRDA:10,0,1,0
BRDA:10,1,0,1
BRDA:10,1,1,1
BRDA:10,2,0,1
BRDA:10,2,1,0
BRDA:10,3,0,1
BRDA:10,3,1,1
BRF:8
BRH:6
end_of_record
TN:
SF:src/prisma/prisma.module.ts
FNF:0
FNH:0
DA:1,0
DA:2,0
DA:9,0
LF:3
LH:0
BRF:0
BRH:0
end_of_record
TN:
SF:src/prisma/prisma.service.ts
FN:8,(anonymous_2)
FN:16,(anonymous_3)
FN:20,(anonymous_4)
FNF:3
FNH:3
FNDA:7,(anonymous_2)
FNDA:1,(anonymous_3)
FNDA:1,(anonymous_4)
DA:1,5
DA:2,5
DA:3,5
DA:4,5
DA:7,5
DA:9,7
DA:10,7
DA:11,7
DA:13,7
DA:17,1
DA:21,1
LF:11
LH:11
BRF:0
BRH:0
end_of_record
