TN:
SF:src/app.controller.ts
FN:6,(anonymous_2)
FN:9,(anonymous_3)
FNF:2
FNH:2
FNDA:1,(anonymous_2)
FNDA:1,(anonymous_3)
DA:1,1
DA:2,1
DA:5,1
DA:6,1
DA:9,1
DA:10,1
LF:6
LH:6
BRDA:6,0,0,1
BRDA:6,0,1,0
BRDA:6,1,0,1
BRDA:6,1,1,1
BRF:4
BRH:3
end_of_record
TN:
SF:src/app.module.ts
FN:18,(anonymous_1)
FN:28,(anonymous_2)
FNF:2
FNH:0
FNDA:0,(anonymous_1)
FNDA:0,(anonymous_2)
DA:1,0
DA:2,0
DA:3,0
DA:4,0
DA:5,0
DA:6,0
DA:7,0
DA:8,0
DA:9,0
DA:18,0
DA:28,0
DA:41,0
LF:12
LH:0
BRDA:19,0,0,0
BRDA:19,0,1,0
BRDA:29,1,0,0
BRDA:29,1,1,0
BRF:4
BRH:0
end_of_record
TN:
SF:src/app.service.ts
FN:5,(anonymous_1)
FNF:1
FNH:1
FNDA:1,(anonymous_1)
DA:1,1
DA:4,1
DA:6,1
LF:3
LH:3
BRF:0
BRH:0
end_of_record
TN:
SF:src/main.ts
FN:4,bootstrap
FNF:1
FNH:0
FNDA:0,bootstrap
DA:1,0
DA:2,0
DA:5,0
DA:6,0
DA:8,0
LF:5
LH:0
BRDA:6,0,0,0
BRDA:6,0,1,0
BRF:2
BRH:0
end_of_record
TN:
SF:src/admin-bot/admin-bot.module.ts
FN:7,(anonymous_1)
FNF:1
FNH:0
FNDA:0,(anonymous_1)
DA:1,0
DA:2,0
DA:3,0
DA:4,0
DA:7,0
DA:11,0
LF:6
LH:0
BRF:0
BRH:0
end_of_record
TN:
SF:src/admin-bot/admin-bot.service.ts
FN:9,(anonymous_4)
FN:15,(anonymous_5)
FN:62,(anonymous_6)
FNF:3
FNH:2
FNDA:6,(anonymous_4)
FNDA:6,(anonymous_5)
FNDA:0,(anonymous_6)
DA:1,3
DA:2,3
DA:3,3
DA:5,3
DA:8,3
DA:11,6
DA:12,6
DA:16,6
DA:28,6
DA:30,5
DA:34,5
DA:35,5
DA:36,5
DA:37,5
DA:38,5
DA:40,5
DA:41,3
DA:44,5
DA:46,5
DA:53,5
DA:54,5
DA:55,5
DA:57,1
DA:63,0
LF:24
LH:23
BRDA:28,0,0,1
BRDA:28,0,1,5
BRDA:35,1,0,5
BRDA:35,1,1,0
BRDA:36,2,0,5
BRDA:36,2,1,3
BRDA:11,3,0,3
BRDA:11,3,1,0
BRDA:11,4,0,3
BRDA:11,4,1,3
BRDA:11,5,0,3
BRDA:11,5,1,0
BRDA:11,6,0,3
BRDA:11,6,1,3
BRF:14
BRH:11
end_of_record
TN:
SF:src/admin-bot/admin-bot.update.ts
FN:12,(anonymous_4)
FN:14,(anonymous_5)
FN:30,(anonymous_6)
FN:39,(anonymous_7)
FN:74,(anonymous_8)
FN:109,(anonymous_9)
FN:149,(anonymous_10)
FN:198,(anonymous_11)
FN:210,(anonymous_12)
FN:284,(anonymous_13)
FN:306,(anonymous_14)
FN:347,(anonymous_15)
FN:384,(anonymous_16)
FN:419,(anonymous_17)
FN:474,(anonymous_18)
FN:509,(anonymous_19)
FN:530,(anonymous_20)
FN:551,(anonymous_21)
FN:572,(anonymous_22)
FN:593,(anonymous_23)
FN:598,(anonymous_24)
FN:603,(anonymous_25)
FN:629,(anonymous_26)
FN:654,(anonymous_27)
FN:690,(anonymous_28)
FNF:25
FNH:18
FNDA:0,(anonymous_4)
FNDA:0,(anonymous_5)
FNDA:24,(anonymous_6)
FNDA:3,(anonymous_7)
FNDA:2,(anonymous_8)
FNDA:12,(anonymous_9)
FNDA:4,(anonymous_10)
FNDA:1,(anonymous_11)
FNDA:0,(anonymous_12)
FNDA:2,(anonymous_13)
FNDA:2,(anonymous_14)
FNDA:1,(anonymous_15)
FNDA:1,(anonymous_16)
FNDA:0,(anonymous_17)
FNDA:0,(anonymous_18)
FNDA:2,(anonymous_19)
FNDA:1,(anonymous_20)
FNDA:1,(anonymous_21)
FNDA:1,(anonymous_22)
FNDA:0,(anonymous_23)
FNDA:0,(anonymous_24)
FNDA:1,(anonymous_25)
FNDA:1,(anonymous_26)
FNDA:3,(anonymous_27)
FNDA:1,(anonymous_28)
DA:1,1
DA:2,1
DA:3,1
DA:5,1
DA:6,1
DA:7,1
DA:11,1
DA:12,0
DA:15,0
DA:16,0
DA:18,0
DA:20,0
DA:24,0
DA:29,1
DA:32,24
DA:33,24
DA:34,24
DA:35,24
DA:39,1
DA:40,3
DA:41,3
DA:43,3
DA:48,3
DA:49,1
DA:58,3
DA:59,1
DA:60,1
DA:63,2
DA:74,1
DA:75,2
DA:76,2
DA:78,2
DA:82,2
DA:83,1
DA:84,1
DA:87,1
DA:91,1
DA:92,0
DA:93,0
DA:96,1
DA:98,1
DA:99,2
DA:100,2
DA:101,2
DA:102,2
DA:105,1
DA:109,1
DA:110,12
DA:111,12
DA:113,12
DA:117,12
DA:118,1
DA:119,1
DA:122,11
DA:125,11
DA:126,0
DA:127,0
DA:131,11
DA:132,4
DA:133,4
DA:136,7
DA:137,2
DA:138,5
DA:139,2
DA:140,3
DA:141,1
DA:142,2
DA:143,1
DA:144,1
DA:145,1
DA:150,4
DA:151,4
DA:153,4
DA:155,4
DA:159,4
DA:160,0
DA:161,0
DA:162,0
DA:163,0
DA:166,4
DA:167,2
DA:168,2
DA:169,1
DA:170,1
DA:173,1
DA:178,1
DA:179,2
DA:180,2
DA:181,2
DA:182,1
DA:183,1
DA:186,1
DA:191,1
DA:194,2
DA:195,2
DA:199,1
DA:203,1
DA:211,0
DA:212,0
DA:213,0
DA:221,0
DA:224,0
DA:225,0
DA:227,0
DA:228,0
DA:229,0
DA:230,0
DA:233,0
DA:234,0
DA:236,0
DA:237,0
DA:238,0
DA:239,0
DA:240,0
DA:241,0
DA:244,0
DA:245,0
DA:247,0
DA:248,0
DA:249,0
DA:250,0
DA:251,0
DA:252,0
DA:255,0
DA:258,0
DA:267,0
DA:269,0
DA:285,2
DA:289,2
DA:290,1
DA:291,1
DA:294,1
DA:296,1
DA:297,1
DA:298,1
DA:299,1
DA:300,1
DA:303,1
DA:307,2
DA:321,2
DA:322,1
DA:323,1
DA:326,1
DA:327,1
DA:328,1
DA:329,1
DA:330,1
DA:331,1
DA:333,1
DA:334,1
DA:337,1
DA:339,1
DA:343,1
DA:348,1
DA:362,1
DA:363,1
DA:364,1
DA:367,0
DA:368,0
DA:369,0
DA:370,0
DA:371,0
DA:372,0
DA:374,0
DA:375,0
DA:378,0
DA:380,0
DA:385,1
DA:389,1
DA:390,0
DA:391,0
DA:394,1
DA:396,1
DA:397,1
DA:398,1
DA:399,1
DA:400,1
DA:402,1
DA:415,1
DA:420,0
DA:437,0
DA:438,0
DA:439,0
DA:442,0
DA:443,0
DA:444,0
DA:445,0
DA:446,0
DA:447,0
DA:448,0
DA:450,0
DA:451,0
DA:454,0
DA:456,0
DA:458,0
DA:459,0
DA:463,0
DA:464,0
DA:470,0
DA:475,0
DA:479,0
DA:480,0
DA:481,0
DA:484,0
DA:485,0
DA:486,0
DA:487,0
DA:488,0
DA:489,0
DA:491,0
DA:504,0
DA:509,1
DA:510,2
DA:511,2
DA:513,2
DA:514,2
DA:516,2
DA:520,2
DA:521,1
DA:522,1
DA:525,1
DA:526,1
DA:530,1
DA:531,1
DA:532,1
DA:534,1
DA:535,1
DA:537,1
DA:541,1
DA:542,0
DA:543,0
DA:546,1
DA:547,1
DA:551,1
DA:552,1
DA:553,1
DA:555,1
DA:556,1
DA:558,1
DA:562,1
DA:563,0
DA:564,0
DA:567,1
DA:568,1
DA:572,1
DA:573,1
DA:574,1
DA:576,1
DA:577,1
DA:579,1
DA:583,1
DA:584,0
DA:585,0
DA:588,1
DA:589,1
DA:593,1
DA:594,0
DA:598,1
DA:599,0
DA:603,1
DA:604,1
DA:605,1
DA:607,1
DA:608,1
DA:610,1
DA:614,1
DA:615,0
DA:616,0
DA:619,1
DA:621,1
DA:622,1
DA:624,1
DA:625,1
DA:629,1
DA:630,1
DA:631,1
DA:633,1
DA:634,1
DA:636,1
DA:640,1
DA:641,0
DA:642,0
DA:645,1
DA:647,1
DA:648,1
DA:650,1
DA:651,1
DA:659,3
DA:664,3
DA:665,0
DA:666,0
DA:669,3
DA:674,3
DA:680,3
DA:681,3
DA:683,3
DA:691,1
DA:695,1
DA:696,0
DA:697,0
DA:700,1
DA:705,1
LF:302
LH:198
BRDA:18,0,0,0
BRDA:18,0,1,0
BRDA:12,1,0,1
BRDA:12,1,1,0
BRDA:12,2,0,1
BRDA:12,2,1,1
BRDA:41,3,0,0
BRDA:41,3,1,3
BRDA:48,4,0,1
BRDA:48,4,1,2
BRDA:58,5,0,1
BRDA:58,5,1,2
BRDA:76,6,0,0
BRDA:76,6,1,2
BRDA:82,7,0,1
BRDA:82,7,1,1
BRDA:82,8,0,2
BRDA:82,8,1,2
BRDA:91,9,0,0
BRDA:91,9,1,1
BRDA:99,10,0,1
BRDA:99,10,1,1
BRDA:111,11,0,0
BRDA:111,11,1,12
BRDA:117,12,0,1
BRDA:117,12,1,11
BRDA:117,13,0,12
BRDA:117,13,1,12
BRDA:125,14,0,0
BRDA:125,14,1,11
BRDA:131,15,0,4
BRDA:131,15,1,7
BRDA:131,16,0,11
BRDA:131,16,1,4
BRDA:136,17,0,2
BRDA:136,17,1,5
BRDA:138,18,0,2
BRDA:138,18,1,3
BRDA:140,19,0,1
BRDA:140,19,1,2
BRDA:142,20,0,1
BRDA:142,20,1,1
BRDA:144,21,0,1
BRDA:144,21,1,0
BRDA:153,22,0,0
BRDA:153,22,1,4
BRDA:153,23,0,4
BRDA:153,23,1,4
BRDA:159,24,0,0
BRDA:159,24,1,4
BRDA:166,25,0,2
BRDA:166,25,1,2
BRDA:168,26,0,1
BRDA:168,26,1,1
BRDA:168,27,0,2
BRDA:168,27,1,1
BRDA:179,28,0,2
BRDA:179,28,1,0
BRDA:181,29,0,1
BRDA:181,29,1,1
BRDA:181,30,0,2
BRDA:181,30,1,2
BRDA:211,31,0,0
BRDA:211,31,1,0
BRDA:225,32,0,0
BRDA:225,32,1,0
BRDA:227,33,0,0
BRDA:227,33,1,0
BRDA:228,34,0,0
BRDA:228,34,1,0
BRDA:237,35,0,0
BRDA:237,35,1,0
BRDA:239,36,0,0
BRDA:239,36,1,0
BRDA:239,37,0,0
BRDA:239,37,1,0
BRDA:248,38,0,0
BRDA:248,38,1,0
BRDA:250,39,0,0
BRDA:250,39,1,0
BRDA:250,40,0,0
BRDA:250,40,1,0
BRDA:289,41,0,1
BRDA:289,41,1,1
BRDA:297,42,0,1
BRDA:297,42,1,0
BRDA:321,43,0,1
BRDA:321,43,1,1
BRDA:328,44,0,1
BRDA:328,44,1,0
BRDA:329,45,0,1
BRDA:329,45,1,0
BRDA:362,46,0,1
BRDA:362,46,1,0
BRDA:369,47,0,0
BRDA:369,47,1,0
BRDA:370,48,0,0
BRDA:370,48,1,0
BRDA:389,49,0,0
BRDA:389,49,1,1
BRDA:397,50,0,1
BRDA:397,50,1,0
BRDA:409,51,0,1
BRDA:409,51,1,0
BRDA:437,52,0,0
BRDA:437,52,1,0
BRDA:445,53,0,0
BRDA:445,53,1,0
BRDA:446,54,0,0
BRDA:446,54,1,0
BRDA:458,55,0,0
BRDA:458,55,1,0
BRDA:463,56,0,0
BRDA:463,56,1,0
BRDA:479,57,0,0
BRDA:479,57,1,0
BRDA:485,58,0,0
BRDA:485,58,1,0
BRDA:498,59,0,0
BRDA:498,59,1,0
BRDA:511,60,0,0
BRDA:511,60,1,2
BRDA:511,61,0,2
BRDA:511,61,1,2
BRDA:514,62,0,0
BRDA:514,62,1,2
BRDA:520,63,0,1
BRDA:520,63,1,1
BRDA:520,64,0,2
BRDA:520,64,1,2
BRDA:532,65,0,0
BRDA:532,65,1,1
BRDA:532,66,0,1
BRDA:532,66,1,1
BRDA:535,67,0,0
BRDA:535,67,1,1
BRDA:541,68,0,0
BRDA:541,68,1,1
BRDA:541,69,0,1
BRDA:541,69,1,1
BRDA:553,70,0,0
BRDA:553,70,1,1
BRDA:553,71,0,1
BRDA:553,71,1,1
BRDA:556,72,0,0
BRDA:556,72,1,1
BRDA:562,73,0,0
BRDA:562,73,1,1
BRDA:562,74,0,1
BRDA:562,74,1,1
BRDA:574,75,0,0
BRDA:574,75,1,1
BRDA:574,76,0,1
BRDA:574,76,1,1
BRDA:577,77,0,0
BRDA:577,77,1,1
BRDA:583,78,0,0
BRDA:583,78,1,1
BRDA:583,79,0,1
BRDA:583,79,1,1
BRDA:605,80,0,0
BRDA:605,80,1,1
BRDA:605,81,0,1
BRDA:605,81,1,1
BRDA:608,82,0,0
BRDA:608,82,1,1
BRDA:614,83,0,0
BRDA:614,83,1,1
BRDA:614,84,0,1
BRDA:614,84,1,1
BRDA:631,85,0,0
BRDA:631,85,1,1
BRDA:631,86,0,1
BRDA:631,86,1,1
BRDA:634,87,0,0
BRDA:634,87,1,1
BRDA:640,88,0,0
BRDA:640,88,1,1
BRDA:640,89,0,1
BRDA:640,89,1,1
BRDA:664,90,0,0
BRDA:664,90,1,3
BRDA:695,91,0,0
BRDA:695,91,1,1
BRDA:705,92,0,1
BRDA:705,92,1,0
BRDA:39,93,0,1
BRDA:39,93,1,0
BRDA:39,94,0,1
BRDA:39,94,1,1
BRDA:74,95,0,1
BRDA:74,95,1,0
BRDA:74,96,0,1
BRDA:74,96,1,1
BRDA:109,97,0,1
BRDA:109,97,1,0
BRDA:109,98,0,1
BRDA:109,98,1,1
BRDA:509,99,0,1
BRDA:509,99,1,0
BRDA:509,100,0,1
BRDA:509,100,1,1
BRDA:530,101,0,1
BRDA:530,101,1,0
BRDA:530,102,0,1
BRDA:530,102,1,1
BRDA:551,103,0,1
BRDA:551,103,1,0
BRDA:551,104,0,1
BRDA:551,104,1,1
BRDA:572,105,0,1
BRDA:572,105,1,0
BRDA:572,106,0,1
BRDA:572,106,1,1
BRDA:593,107,0,1
BRDA:593,107,1,0
BRDA:593,108,0,1
BRDA:593,108,1,1
BRDA:598,109,0,1
BRDA:598,109,1,0
BRDA:598,110,0,1
BRDA:598,110,1,1
BRDA:603,111,0,1
BRDA:603,111,1,0
BRDA:603,112,0,1
BRDA:603,112,1,1
BRDA:629,113,0,1
BRDA:629,113,1,0
BRDA:629,114,0,1
BRDA:629,114,1,1
BRDA:32,115,0,1
BRDA:32,115,1,0
BRDA:32,116,0,1
BRDA:32,116,1,1
BRDA:32,117,0,1
BRDA:32,117,1,0
BRDA:32,118,0,1
BRDA:32,118,1,1
BRDA:33,119,0,1
BRDA:33,119,1,0
BRDA:33,120,0,1
BRDA:33,120,1,1
BRDA:34,121,0,1
BRDA:34,121,1,0
BRDA:34,122,0,1
BRDA:34,122,1,1
BRF:246
BRH:152
end_of_record
TN:
SF:src/client-bot/client-bot.module.ts
FN:7,(anonymous_1)
FNF:1
FNH:0
FNDA:0,(anonymous_1)
DA:1,0
DA:2,0
DA:3,0
DA:4,0
DA:7,0
DA:11,0
LF:6
LH:0
BRF:0
BRH:0
end_of_record
TN:
SF:src/client-bot/client-bot.service.ts
FN:8,(anonymous_4)
FN:13,(anonymous_5)
FN:17,(anonymous_6)
FN:24,(anonymous_7)
FNF:4
FNH:4
FNDA:7,(anonymous_4)
FNDA:7,(anonymous_5)
FNDA:2,(anonymous_6)
FNDA:4,(anonymous_7)
DA:1,3
DA:2,3
DA:3,3
DA:7,3
DA:10,7
DA:14,7
DA:18,2
DA:25,4
DA:31,4
LF:9
LH:9
BRDA:25,0,0,4
BRDA:25,0,1,1
BRDA:10,1,0,3
BRDA:10,1,1,0
BRDA:10,2,0,3
BRDA:10,2,1,3
BRF:6
BRH:5
end_of_record
TN:
SF:src/client-bot/client-bot.update.ts
FN:10,(anonymous_4)
FN:19,(anonymous_5)
FN:49,(anonymous_6)
FN:64,(anonymous_7)
FN:83,(anonymous_8)
FN:108,(anonymous_9)
FN:142,(anonymous_10)
FN:179,(anonymous_11)
FN:224,(anonymous_12)
FN:270,(anonymous_13)
FN:277,(anonymous_14)
FN:289,(anonymous_15)
FN:319,(anonymous_16)
FNF:13
FNH:13
FNDA:19,(anonymous_4)
FNDA:2,(anonymous_5)
FNDA:10,(anonymous_6)
FNDA:1,(anonymous_7)
FNDA:3,(anonymous_8)
FNDA:3,(anonymous_9)
FNDA:3,(anonymous_10)
FNDA:1,(anonymous_11)
FNDA:1,(anonymous_12)
FNDA:2,(anonymous_13)
FNDA:1,(anonymous_14)
FNDA:3,(anonymous_15)
FNDA:1,(anonymous_16)
DA:1,1
DA:2,1
DA:3,1
DA:5,1
DA:6,1
DA:9,1
DA:12,19
DA:13,19
DA:14,19
DA:15,19
DA:19,1
DA:20,2
DA:21,2
DA:23,2
DA:27,2
DA:28,1
DA:37,2
DA:39,2
DA:49,1
DA:50,10
DA:52,10
DA:53,3
DA:54,7
DA:55,3
DA:56,4
DA:57,3
DA:58,1
DA:59,1
DA:64,1
DA:65,1
DA:66,1
DA:68,1
DA:69,1
DA:70,1
DA:76,1
DA:77,1
DA:84,3
DA:88,3
DA:89,1
DA:90,1
DA:93,2
DA:94,2
DA:98,2
DA:100,2
DA:101,1
DA:103,1
DA:109,3
DA:111,3
DA:112,1
DA:113,1
DA:116,2
DA:117,2
DA:119,2
DA:120,3
DA:124,3
DA:125,3
DA:126,3
DA:127,3
DA:131,2
DA:133,2
DA:143,3
DA:144,3
DA:146,3
DA:156,3
DA:157,1
DA:158,1
DA:161,2
DA:163,2
DA:164,5
DA:171,5
DA:172,5
DA:173,5
DA:176,2
DA:180,1
DA:181,1
DA:183,1
DA:184,1
DA:186,1
DA:187,0
DA:188,0
DA:191,1
DA:195,1
DA:196,0
DA:197,0
DA:200,1
DA:201,1
DA:202,1
DA:204,1
DA:205,1
DA:209,1
DA:210,0
DA:211,0
DA:214,1
DA:215,1
DA:217,1
DA:224,1
DA:225,1
DA:237,1
DA:238,1
DA:248,1
DA:251,1
DA:253,1
DA:254,1
DA:256,1
DA:264,0
DA:265,0
DA:270,1
DA:271,2
DA:272,2
DA:274,2
DA:275,2
DA:277,2
DA:279,2
DA:280,1
DA:282,1
DA:285,2
DA:289,1
DA:290,3
DA:292,3
DA:293,1
DA:294,1
DA:297,2
DA:298,2
DA:300,2
DA:304,2
DA:305,1
DA:306,1
DA:311,1
DA:312,1
DA:315,2
DA:319,1
DA:320,1
DA:321,1
DA:322,1
LF:134
LH:126
BRDA:21,0,0,0
BRDA:21,0,1,2
BRDA:27,1,0,1
BRDA:27,1,1,1
BRDA:52,2,0,3
BRDA:52,2,1,7
BRDA:54,3,0,3
BRDA:54,3,1,4
BRDA:56,4,0,3
BRDA:56,4,1,1
BRDA:58,5,0,1
BRDA:58,5,1,0
BRDA:69,6,0,1
BRDA:69,6,1,0
BRDA:88,7,0,1
BRDA:88,7,1,2
BRDA:100,8,0,1
BRDA:100,8,1,1
BRDA:109,9,0,3
BRDA:109,9,1,0
BRDA:111,10,0,1
BRDA:111,10,1,2
BRDA:124,11,0,3
BRDA:124,11,1,0
BRDA:144,12,0,0
BRDA:144,12,1,3
BRDA:156,13,0,1
BRDA:156,13,1,2
BRDA:156,14,0,3
BRDA:156,14,1,3
BRDA:183,15,0,1
BRDA:183,15,1,0
BRDA:186,16,0,0
BRDA:186,16,1,1
BRDA:186,17,0,1
BRDA:186,17,1,1
BRDA:195,18,0,0
BRDA:195,18,1,1
BRDA:209,19,0,0
BRDA:209,19,1,1
BRDA:209,20,0,1
BRDA:209,20,1,1
BRDA:210,21,0,0
BRDA:210,21,1,0
BRDA:272,22,0,0
BRDA:272,22,1,2
BRDA:272,23,0,2
BRDA:272,23,1,2
BRDA:275,24,0,2
BRDA:275,24,1,0
BRDA:279,25,0,1
BRDA:279,25,1,1
BRDA:290,26,0,3
BRDA:290,26,1,0
BRDA:292,27,0,1
BRDA:292,27,1,2
BRDA:298,28,0,0
BRDA:298,28,1,2
BRDA:304,29,0,1
BRDA:304,29,1,1
BRDA:19,30,0,1
BRDA:19,30,1,0
BRDA:19,31,0,1
BRDA:19,31,1,1
BRDA:49,32,0,1
BRDA:49,32,1,0
BRDA:49,33,0,1
BRDA:49,33,1,1
BRDA:64,34,0,1
BRDA:64,34,1,0
BRDA:64,35,0,1
BRDA:64,35,1,1
BRDA:270,36,0,1
BRDA:270,36,1,0
BRDA:270,37,0,1
BRDA:270,37,1,1
BRDA:289,38,0,1
BRDA:289,38,1,0
BRDA:289,39,0,1
BRDA:289,39,1,1
BRDA:319,40,0,1
BRDA:319,40,1,0
BRDA:319,41,0,1
BRDA:319,41,1,1
BRDA:12,42,0,1
BRDA:12,42,1,0
BRDA:12,43,0,1
BRDA:12,43,1,1
BRDA:12,44,0,1
BRDA:12,44,1,0
BRDA:12,45,0,1
BRDA:12,45,1,1
BRDA:13,46,0,1
BRDA:13,46,1,0
BRDA:13,47,0,1
BRDA:13,47,1,1
BRDA:14,48,0,1
BRDA:14,48,1,0
BRDA:14,49,0,1
BRDA:14,49,1,1
BRF:100
BRH:74
end_of_record
TN:
SF:src/common/middleware/session.middleware.ts
FN:7,(anonymous_2)
FN:9,(anonymous_3)
FN:10,(anonymous_4)
FNF:3
FNH:3
FNDA:6,(anonymous_2)
FNDA:6,(anonymous_3)
FNDA:6,(anonymous_4)
DA:1,1
DA:2,1
DA:6,1
DA:7,6
DA:10,6
DA:11,6
DA:13,6
DA:14,1
DA:17,5
DA:21,5
DA:22,2
DA:23,2
DA:30,1
DA:31,1
DA:35,0
DA:40,5
DA:42,5
DA:44,5
LF:18
LH:17
BRDA:13,0,0,1
BRDA:13,0,1,5
BRDA:21,1,0,2
BRDA:21,1,1,3
BRDA:30,2,0,1
BRDA:30,2,1,0
BRDA:40,3,0,5
BRDA:40,3,1,0
BRDA:7,4,0,1
BRDA:7,4,1,0
BRDA:7,5,0,1
BRDA:7,5,1,1
BRF:12
BRH:9
end_of_record
TN:
SF:src/common/middleware/session.module.ts
FNF:0
FNH:0
DA:1,0
DA:2,0
DA:9,0
LF:3
LH:0
BRF:0
BRH:0
end_of_record
TN:
SF:src/common/services/bot-launcher.service.ts
FN:8,(anonymous_4)
FN:15,(anonymous_5)
FN:21,(anonymous_6)
FN:23,(anonymous_7)
FN:29,(anonymous_8)
FN:31,(anonymous_9)
FN:36,(anonymous_10)
FN:40,(anonymous_11)
FNF:8
FNH:8
FNDA:6,(anonymous_4)
FNDA:6,(anonymous_5)
FNDA:5,(anonymous_6)
FNDA:1,(anonymous_7)
FNDA:5,(anonymous_8)
FNDA:1,(anonymous_9)
FNDA:1,(anonymous_10)
FNDA:1,(anonymous_11)
DA:1,1
DA:2,1
DA:3,1
DA:7,1
DA:10,6
DA:12,6
DA:16,6
DA:19,6
DA:22,5
DA:24,1
DA:27,6
DA:30,5
DA:32,1
DA:36,6
DA:37,1
DA:38,1
DA:40,6
DA:41,1
DA:42,1
LF:19
LH:19
BRDA:10,0,0,1
BRDA:10,0,1,0
BRDA:10,1,0,1
BRDA:10,1,1,1
BRDA:10,2,0,1
BRDA:10,2,1,0
BRDA:10,3,0,1
BRDA:10,3,1,1
BRF:8
BRH:6
end_of_record
TN:
SF:src/prisma/prisma.module.ts
FNF:0
FNH:0
DA:1,0
DA:2,0
DA:9,0
LF:3
LH:0
BRF:0
BRH:0
end_of_record
TN:
SF:src/prisma/prisma.service.ts
FN:8,(anonymous_2)
FN:16,(anonymous_3)
FN:20,(anonymous_4)
FNF:3
FNH:1
FNDA:5,(anonymous_2)
FNDA:0,(anonymous_3)
FNDA:0,(anonymous_4)
DA:1,5
DA:2,5
DA:3,5
DA:4,5
DA:7,5
DA:9,5
DA:10,5
DA:11,5
DA:13,5
DA:17,0
DA:21,0
LF:11
LH:9
BRF:0
BRH:0
end_of_record
